<?xml version="1.0" encoding="utf-8"?><testsuites name="pytest tests"><testsuite name="pytest" errors="0" failures="0" skipped="0" tests="16" time="67.695" timestamp="2026-03-12T21:06:46.352539+00:00" hostname="agent-env-57c1e287-f2cc-4b9e-9ade-8bd1084facfd"><testcase classname="backend.tests.test_ai_interpretation.TestFieldDashboardAIInterpretation" name="test_field_dashboard_returns_success" time="3.739" /><testcase classname="backend.tests.test_ai_interpretation.TestFieldDashboardAIInterpretation" name="test_field_dashboard_has_ai_field_interpretation" time="3.195" /><testcase classname="backend.tests.test_ai_interpretation.TestFieldDashboardAIInterpretation" name="test_field_interpretation_is_hebrew" time="4.057" /><testcase classname="backend.tests.test_ai_interpretation.TestFieldDashboardAIInterpretation" name="test_field_interpretation_is_one_sentence" time="4.634" /><testcase classname="backend.tests.test_ai_interpretation.TestFieldDashboardAIInterpretation" name="test_field_narrative_also_exists" time="3.919" /><testcase classname="backend.tests.test_ai_interpretation.TestProfileAIInterpretation" name="test_profile_record_returns_success" time="4.846" /><testcase classname="backend.tests.test_ai_interpretation.TestProfileAIInterpretation" name="test_profile_has_ai_profile_interpretation" time="3.703" /><testcase classname="backend.tests.test_ai_interpretation.TestProfileAIInterpretation" name="test_profile_interpretation_is_hebrew" time="4.352" /><testcase classname="backend.tests.test_ai_interpretation.TestProfileAIInterpretation" name="test_profile_interpretation_is_one_sentence" time="3.462" /><testcase classname="backend.tests.test_ai_interpretation.TestProfileAIInterpretation" name="test_profile_identity_markers_still_exist" time="6.172" /><testcase classname="backend.tests.test_ai_interpretation.TestDailyAnswerAIInterpretation" name="test_daily_answer_endpoint_exists" time="0.103" /><testcase classname="backend.tests.test_ai_interpretation.TestDailyAnswerAIInterpretation" name="test_daily_answer_response_structure" time="0.088" /><testcase classname="backend.tests.test_ai_interpretation.TestAIInterpretationCharacteristics" name="test_ai_interpretations_are_different_each_time" time="12.186" /><testcase classname="backend.tests.test_ai_interpretation.TestAIInterpretationCharacteristics" name="test_ai_response_time_reasonable" time="4.263" /><testcase classname="backend.tests.test_ai_interpretation.TestExistingFeaturesStillWork" name="test_field_dashboard_stats_still_present" time="4.104" /><testcase classname="backend.tests.test_ai_interpretation.TestExistingFeaturesStillWork" name="test_profile_action_record_still_present" time="4.761" /></testsuite></testsuites>