<?xml version="1.0" encoding="utf-8"?><testsuites name="pytest tests"><testsuite name="pytest" errors="0" failures="0" skipped="0" tests="15" time="2.346" timestamp="2026-03-12T17:30:49.759412+00:00" hostname="agent-env-57c1e287-f2cc-4b9e-9ade-8bd1084facfd"><testcase classname="backend.tests.test_invite_reward_system.TestInviteRewardSystem" name="test_invite_stats_returns_invite_credits_field" time="0.271" /><testcase classname="backend.tests.test_invite_reward_system.TestInviteRewardSystem" name="test_invite_stats_returns_active_invitees_count" time="0.095" /><testcase classname="backend.tests.test_invite_reward_system.TestInviteRewardSystem" name="test_invite_stats_invitees_have_active_status_and_actions" time="0.120" /><testcase classname="backend.tests.test_invite_reward_system.TestInviteRewardSystem" name="test_profile_record_returns_influence_chain_with_credits" time="0.225" /><testcase classname="backend.tests.test_invite_reward_system.TestInviteRewardSystem" name="test_profile_record_returns_invitees_list" time="0.087" /><testcase classname="backend.tests.test_invite_reward_system.TestInviteRewardSystem" name="test_daily_question_endpoint_exists" time="0.091" /><testcase classname="backend.tests.test_invite_reward_system.TestInviteRewardSystem" name="test_daily_answer_endpoint_exists" time="0.088" /><testcase classname="backend.tests.test_invite_reward_system.TestInviteRewardSystem" name="test_invitee_has_invited_by_relationship" time="0.077" /><testcase classname="backend.tests.test_invite_reward_system.TestInviteRewardSystem" name="test_invite_stats_returns_all_expected_fields" time="0.095" /><testcase classname="backend.tests.test_invite_reward_system.TestInviteRewardSystem" name="test_invite_stats_codes_field_structure" time="0.096" /><testcase classname="backend.tests.test_invite_reward_system.TestInviteRewardFlowLogic" name="test_user_without_inviter_gets_no_reward" time="0.444" /><testcase classname="backend.tests.test_invite_reward_system.TestInviteRewardFlowLogic" name="test_verify_inviter_has_credits_for_active_invitee" time="0.139" /><testcase classname="backend.tests.test_invite_reward_system.TestInviteRewardDataIntegrity" name="test_active_invitees_count_matches_list" time="0.091" /><testcase classname="backend.tests.test_invite_reward_system.TestInviteRewardDataIntegrity" name="test_profile_and_invite_stats_credits_match" time="0.131" /><testcase classname="backend.tests.test_invite_reward_system.TestInviteRewardDataIntegrity" name="test_profile_and_invite_stats_active_invitees_match" time="0.174" /></testsuite></testsuites>