<?xml version="1.0" encoding="utf-8"?><testsuites name="pytest tests"><testsuite name="pytest" errors="0" failures="0" skipped="0" tests="13" time="2.105" timestamp="2026-03-12T17:07:11.320261+00:00" hostname="agent-env-57c1e287-f2cc-4b9e-9ade-8bd1084facfd"><testcase classname="backend.tests.test_invite_code_system.TestInviteCodeSystem" name="test_register_accepts_optional_invite_code_field" time="0.373" /><testcase classname="backend.tests.test_invite_code_system.TestInviteCodeSystem" name="test_register_with_invalid_invite_code_returns_error" time="0.083" /><testcase classname="backend.tests.test_invite_code_system.TestInviteCodeSystem" name="test_invite_stats_endpoint_returns_expected_fields" time="0.109" /><testcase classname="backend.tests.test_invite_code_system.TestInviteCodeSystem" name="test_invite_codes_are_ph_xxxx_format" time="0.083" /><testcase classname="backend.tests.test_invite_code_system.TestInviteCodeSystem" name="test_max_invite_codes_is_five" time="0.094" /><testcase classname="backend.tests.test_invite_code_system.TestInviteCodeSystem" name="test_create_invite_respects_max_limit" time="0.171" /><testcase classname="backend.tests.test_invite_code_system.TestInviteCodeSystem" name="test_get_invite_returns_inviter_alias" time="0.160" /><testcase classname="backend.tests.test_invite_code_system.TestInviteCodeSystem" name="test_get_invalid_invite_returns_404" time="0.089" /><testcase classname="backend.tests.test_invite_code_system.TestInviteCodeSystem" name="test_profile_record_returns_influence_chain" time="0.113" /><testcase classname="backend.tests.test_invite_code_system.TestInviteCodeSystem" name="test_login_generates_codes_for_existing_user" time="0.393" /><testcase classname="backend.tests.test_invite_code_system.TestInviteCodeSystem" name="test_invitee_has_invited_by_field" time="0.109" /><testcase classname="backend.tests.test_invite_code_system.TestInviteCodeIntegration" name="test_full_invite_flow" time="0.171" /><testcase classname="backend.tests.test_invite_code_system.TestInviteCodeIntegration" name="test_codes_remaining_calculation" time="0.087" /></testsuite></testsuites>