<?xml version="1.0" encoding="utf-8"?><testsuites name="pytest tests"><testsuite name="pytest" errors="0" failures="0" skipped="0" tests="14" time="10.273" timestamp="2026-03-13T16:48:35.449959+00:00" hostname="agent-env-7a5d05c3-46bc-4018-b162-6c9ab390f14d"><testcase classname="backend.tests.test_real_usage_loop.TestAnalyticsEndpoints" name="test_analytics_summary_returns_daily_stats" time="0.595" /><testcase classname="backend.tests.test_real_usage_loop.TestAnalyticsEndpoints" name="test_analytics_summary_clamps_days" time="0.940" /><testcase classname="backend.tests.test_real_usage_loop.TestAnalyticsEndpoints" name="test_analytics_events_returns_recent_events" time="0.559" /><testcase classname="backend.tests.test_real_usage_loop.TestAnalyticsEndpoints" name="test_analytics_events_clamps_limit" time="0.428" /><testcase classname="backend.tests.test_real_usage_loop.TestSessionLoggingOnLogin" name="test_login_logs_session_event" time="1.523" /><testcase classname="backend.tests.test_real_usage_loop.TestOnboardingFirstAction" name="test_onboarding_first_action_logs_events" time="1.347" /><testcase classname="backend.tests.test_real_usage_loop.TestDailyActionLogging" name="test_daily_answer_logs_daily_action_event" time="0.946" /><testcase classname="backend.tests.test_real_usage_loop.TestSystemStatusErrorMonitoring" name="test_system_status_has_error_fields" time="0.423" /><testcase classname="backend.tests.test_real_usage_loop.TestSystemStatusErrorMonitoring" name="test_system_status_all_components_healthy" time="0.420" /><testcase classname="backend.tests.test_real_usage_loop.TestExistingTrustAPIs" name="test_user_trust_endpoint" time="0.420" /><testcase classname="backend.tests.test_real_usage_loop.TestExistingTrustAPIs" name="test_user_trust_history_endpoint" time="0.425" /><testcase classname="backend.tests.test_real_usage_loop.TestExistingAuthAPI" name="test_auth_login_works" time="0.659" /><testcase classname="backend.tests.test_real_usage_loop.TestManualDecayTriggerWithAuth" name="test_decay_trigger_requires_auth" time="0.407" /><testcase classname="backend.tests.test_real_usage_loop.TestManualDecayTriggerWithAuth" name="test_decay_trigger_works_with_auth" time="1.084" /></testsuite></testsuites>