<?xml version="1.0" encoding="utf-8"?><testsuites name="pytest tests"><testsuite name="pytest" errors="0" failures="0" skipped="0" tests="13" time="11.601" timestamp="2026-03-10T15:53:46.751212+00:00" hostname="agent-env-d025645d-9506-43c4-b042-24ee9cb7136e"><testcase classname="backend.tests.test_orientation_field.TestOrientationFieldEndpoint" name="test_get_orientation_field_success" time="0.645" /><testcase classname="backend.tests.test_orientation_field.TestOrientationFieldEndpoint" name="test_orientation_field_contains_field_center" time="0.437" /><testcase classname="backend.tests.test_orientation_field.TestOrientationFieldEndpoint" name="test_orientation_field_contains_total_users" time="0.488" /><testcase classname="backend.tests.test_orientation_field.TestOrientationFieldEndpoint" name="test_orientation_field_contains_distribution" time="0.421" /><testcase classname="backend.tests.test_orientation_field.TestOrientationFieldEndpoint" name="test_orientation_field_contains_insight" time="0.475" /><testcase classname="backend.tests.test_orientation_field.TestUserOrientationEndpoint" name="test_get_user_orientation_success" time="0.724" /><testcase classname="backend.tests.test_orientation_field.TestUserOrientationEndpoint" name="test_user_orientation_contains_position" time="1.739" /><testcase classname="backend.tests.test_orientation_field.TestUserOrientationEndpoint" name="test_user_orientation_contains_collective_center" time="1.202" /><testcase classname="backend.tests.test_orientation_field.TestUserOrientationEndpoint" name="test_user_orientation_contains_alignment_score" time="3.145" /><testcase classname="backend.tests.test_orientation_field.TestUserOrientationEndpoint" name="test_user_orientation_contains_insights" time="0.430" /><testcase classname="backend.tests.test_orientation_field.TestDriftDetectionEndpoint" name="test_get_drift_detection_success" time="0.424" /><testcase classname="backend.tests.test_orientation_field.TestDriftDetectionEndpoint" name="test_drift_detection_structure" time="0.414" /><testcase classname="backend.tests.test_orientation_field.TestOrientationFieldIntegration" name="test_field_center_coordinates_match_user_collective_center" time="0.887" /></testsuite></testsuites>