<?xml version="1.0" encoding="utf-8"?><testsuites name="pytest tests"><testsuite name="pytest" errors="0" failures="0" skipped="0" tests="11" time="1.731" timestamp="2026-03-12T16:42:37.821919+00:00" hostname="agent-env-57c1e287-f2cc-4b9e-9ade-8bd1084facfd"><testcase classname="backend.tests.test_base_question_reflection.TestBaseInfluencedQuestions" name="test_set_body_base_and_verify_question" time="0.165" /><testcase classname="backend.tests.test_base_question_reflection.TestBaseInfluencedQuestions" name="test_set_heart_base_and_verify_question" time="0.142" /><testcase classname="backend.tests.test_base_question_reflection.TestBaseInfluencedQuestions" name="test_set_head_base_and_verify_question" time="0.185" /><testcase classname="backend.tests.test_base_question_reflection.TestBaseInfluencedQuestions" name="test_questions_are_simple_one_sentence_actionable" time="0.001" /><testcase classname="backend.tests.test_base_question_reflection.TestBaseReflectionInDaySummary" name="test_day_summary_returns_base_reflection_field" time="0.130" /><testcase classname="backend.tests.test_base_question_reflection.TestBaseReflectionInDaySummary" name="test_reflection_empty_when_no_actions" time="0.184" /><testcase classname="backend.tests.test_base_question_reflection.TestBaseReflectionInDaySummary" name="test_reflection_shows_alignment_when_base_matches_dept" time="0.256" /><testcase classname="backend.tests.test_base_question_reflection.TestFullFlow" name="test_full_flow_body_base" time="0.245" /><testcase classname="backend.tests.test_base_question_reflection.TestExistingFeaturesRegression" name="test_base_selection_returns_allocations" time="0.101" /><testcase classname="backend.tests.test_base_question_reflection.TestExistingFeaturesRegression" name="test_invalid_base_rejected" time="0.087" /><testcase classname="backend.tests.test_base_question_reflection.TestExistingFeaturesRegression" name="test_day_summary_has_dept_allocation" time="0.091" /></testsuite></testsuites>