<?xml version="1.0" encoding="utf-8"?><testsuites name="pytest tests"><testsuite name="pytest" errors="0" failures="1" skipped="0" tests="12" time="9.553" timestamp="2026-03-17T11:37:39.188010+00:00" hostname="agent-env-7b217971-bf3f-4d12-b1db-fcd63a5a8cf8"><testcase classname="tests.test_backend_wake_system.TestHealthEndpoint" name="test_health_endpoint_returns_ok" time="0.596" /><testcase classname="tests.test_backend_wake_system.TestHealthEndpoint" name="test_health_endpoint_no_auth_required" time="0.434" /><testcase classname="tests.test_backend_wake_system.TestAuthFlow" name="test_login_success" time="0.679" /><testcase classname="tests.test_backend_wake_system.TestAuthFlow" name="test_auth_me_with_valid_token" time="1.467" /><testcase classname="tests.test_backend_wake_system.TestAuthFlow" name="test_auth_me_without_token" time="0.416"><failure message="AssertionError: Expected auth error, got 200&#10;assert 200 in [401, 422, 400]&#10; +  where 200 = &lt;Response [200]&gt;.status_code">tests/test_backend_wake_system.py:69: in test_auth_me_without_token
    assert response.status_code in [401, 422, 400], f"Expected auth error, got {response.status_code}"
E   AssertionError: Expected auth error, got 200
E   assert 200 in [401, 422, 400]
E    +  where 200 = &lt;Response [200]&gt;.status_code</failure></testcase><testcase classname="tests.test_backend_wake_system.TestAuthFlow" name="test_login_invalid_credentials" time="0.568" /><testcase classname="tests.test_backend_wake_system.TestFeedAPI" name="test_feed_public_access" time="0.436" /><testcase classname="tests.test_backend_wake_system.TestFeedAPI" name="test_feed_with_viewer_id" time="1.095" /><testcase classname="tests.test_backend_wake_system.TestPositionAPI" name="test_position_endpoint" time="1.046" /><testcase classname="tests.test_backend_wake_system.TestOrientationAPI" name="test_orientation_endpoint" time="1.043" /><testcase classname="tests.test_backend_wake_system.TestActionsPostAPI" name="test_post_action_requires_auth" time="0.625" /><testcase classname="tests.test_backend_wake_system.TestActionsPostAPI" name="test_post_action_with_auth" time="1.069" /></testsuite></testsuites>