<?xml version="1.0" encoding="utf-8"?><testsuites name="pytest tests"><testsuite name="pytest" errors="0" failures="0" skipped="0" tests="11" time="8.208" timestamp="2026-03-15T14:42:30.661283+00:00" hostname="agent-env-aeb54998-47e2-4314-84f3-00dc82a9d0f5"><testcase classname="backend.tests.test_trust_integrity_layer.TestSelfReactionPrevention" name="test_self_reaction_returns_403" time="2.120" /><testcase classname="backend.tests.test_trust_integrity_layer.TestDuplicateDetection" name="test_duplicate_action_returns_409" time="0.409" /><testcase classname="backend.tests.test_trust_integrity_layer.TestRateLimit" name="test_rate_limit_check_exists" time="0.439" /><testcase classname="backend.tests.test_trust_integrity_layer.TestVerification" name="test_verification_upgrade_to_community_verified" time="0.793" /><testcase classname="backend.tests.test_trust_integrity_layer.TestVerification" name="test_verification_cannot_downgrade" time="0.405" /><testcase classname="backend.tests.test_trust_integrity_layer.TestTrustSignalMultiplier" name="test_feed_includes_verification_level" time="0.425" /><testcase classname="backend.tests.test_trust_integrity_layer.TestTrustSignalMultiplier" name="test_known_action_has_correct_trust_signal" time="0.425" /><testcase classname="backend.tests.test_trust_integrity_layer.TestIntegrityEndpoints" name="test_integrity_stats_endpoint" time="0.413" /><testcase classname="backend.tests.test_trust_integrity_layer.TestIntegrityEndpoints" name="test_flags_endpoint" time="0.418" /><testcase classname="backend.tests.test_trust_integrity_layer.TestCrossUserReaction" name="test_user_b_can_react_to_user_a_action" time="1.886" /><testcase classname="backend.tests.test_trust_integrity_layer.TestSchedulerConfiguration" name="test_scheduler_status_endpoint" time="0.409" /></testsuite></testsuites>