<?xml version="1.0" encoding="utf-8"?><testsuites name="pytest tests"><testsuite name="pytest" errors="0" failures="0" skipped="0" tests="14" time="24.111" timestamp="2026-03-13T18:30:08.241401+00:00" hostname="agent-env-7a5d05c3-46bc-4018-b162-6c9ab390f14d"><testcase classname="tests.test_core_user_flow.TestAuthenticationFlow" name="test_login_fresh_user" time="1.281" /><testcase classname="tests.test_core_user_flow.TestAuthenticationFlow" name="test_login_completed_user" time="0.640" /><testcase classname="tests.test_core_user_flow.TestDailyBaseSelection" name="test_get_daily_base_fresh_user" time="0.532" /><testcase classname="tests.test_core_user_flow.TestDailyBaseSelection" name="test_get_daily_base_completed_user" time="6.625" /><testcase classname="tests.test_core_user_flow.TestDailyBaseSelection" name="test_post_daily_base_selection" time="3.223" /><testcase classname="tests.test_core_user_flow.TestDailyOrientationQuestion" name="test_get_daily_question_fresh_user" time="0.412" /><testcase classname="tests.test_core_user_flow.TestDailyOrientationQuestion" name="test_get_daily_question_completed_user" time="0.428" /><testcase classname="tests.test_core_user_flow.TestDailyAnswer" name="test_submit_daily_answer_success" time="3.646" /><testcase classname="tests.test_core_user_flow.TestTrustEndpoint" name="test_get_trust_fresh_user" time="0.458" /><testcase classname="tests.test_core_user_flow.TestTrustEndpoint" name="test_get_trust_completed_user" time="0.416" /><testcase classname="tests.test_core_user_flow.TestInviteEndpoints" name="test_get_invites_me" time="1.093" /><testcase classname="tests.test_core_user_flow.TestInviteEndpoints" name="test_post_invites_share" time="1.510" /><testcase classname="tests.test_core_user_flow.TestFieldDashboard" name="test_get_field_dashboard" time="3.736" /><testcase classname="tests.test_core_user_flow.TestRetentionNudgesLogic" name="test_retention_nudges_no_invite" time="0.000" /></testsuite></testsuites>