<?xml version="1.0" encoding="utf-8"?><testsuites name="pytest tests"><testsuite name="pytest" errors="0" failures="0" skipped="0" tests="28" time="2.918" timestamp="2026-03-11T13:33:37.622868+00:00" hostname="agent-env-53c9ac8c-5c1f-42ec-98f7-6028499ca571"><testcase classname="backend.tests.test_core_theory_integration.TestDailyOpeningEndpoint" name="test_daily_opening_returns_200" time="0.169" /><testcase classname="backend.tests.test_core_theory_integration.TestDailyOpeningEndpoint" name="test_daily_opening_has_success_true" time="0.123" /><testcase classname="backend.tests.test_core_theory_integration.TestDailyOpeningEndpoint" name="test_daily_opening_has_compass_state" time="0.121" /><testcase classname="backend.tests.test_core_theory_integration.TestDailyOpeningEndpoint" name="test_daily_opening_has_dominant_force" time="0.079" /><testcase classname="backend.tests.test_core_theory_integration.TestDailyOpeningEndpoint" name="test_daily_opening_has_suggested_direction" time="0.124" /><testcase classname="backend.tests.test_core_theory_integration.TestDailyOpeningEndpoint" name="test_daily_opening_has_greeting_he" time="0.143" /><testcase classname="backend.tests.test_core_theory_integration.TestDailyOpeningEndpoint" name="test_daily_opening_has_theory" time="0.109" /><testcase classname="backend.tests.test_core_theory_integration.TestDaySummaryEndpoint" name="test_day_summary_returns_200" time="0.074" /><testcase classname="backend.tests.test_core_theory_integration.TestDaySummaryEndpoint" name="test_day_summary_has_success_true" time="0.095" /><testcase classname="backend.tests.test_core_theory_integration.TestDaySummaryEndpoint" name="test_day_summary_has_direction_counts" time="0.104" /><testcase classname="backend.tests.test_core_theory_integration.TestDaySummaryEndpoint" name="test_day_summary_has_streak" time="0.100" /><testcase classname="backend.tests.test_core_theory_integration.TestDaySummaryEndpoint" name="test_day_summary_has_impact_on_field" time="0.092" /><testcase classname="backend.tests.test_core_theory_integration.TestDaySummaryEndpoint" name="test_day_summary_has_global_field_effect" time="0.086" /><testcase classname="backend.tests.test_core_theory_integration.TestDaySummaryEndpoint" name="test_day_summary_has_reflection_he" time="0.079" /><testcase classname="backend.tests.test_core_theory_integration.TestGlobeActivityEndpoint" name="test_globe_activity_returns_200" time="0.120" /><testcase classname="backend.tests.test_core_theory_integration.TestGlobeActivityEndpoint" name="test_globe_activity_has_success_true" time="0.080" /><testcase classname="backend.tests.test_core_theory_integration.TestGlobeActivityEndpoint" name="test_globe_activity_has_points_array" time="0.081" /><testcase classname="backend.tests.test_core_theory_integration.TestGlobeActivityEndpoint" name="test_globe_activity_points_have_lat_lng" time="0.112" /><testcase classname="backend.tests.test_core_theory_integration.TestGlobeActivityEndpoint" name="test_globe_activity_points_have_direction_and_color" time="0.095" /><testcase classname="backend.tests.test_core_theory_integration.TestGlobeActivityEndpoint" name="test_globe_activity_has_total_points" time="0.089" /><testcase classname="backend.tests.test_core_theory_integration.TestGlobeActivityEndpoint" name="test_globe_activity_has_color_map" time="0.121" /><testcase classname="backend.tests.test_core_theory_integration.TestDirectionsEndpoint" name="test_directions_returns_200" time="0.084" /><testcase classname="backend.tests.test_core_theory_integration.TestDirectionsEndpoint" name="test_directions_has_success_true" time="0.080" /><testcase classname="backend.tests.test_core_theory_integration.TestDirectionsEndpoint" name="test_directions_has_4_directions" time="0.083" /><testcase classname="backend.tests.test_core_theory_integration.TestDirectionsEndpoint" name="test_direction_contribution_has_all_fields" time="0.077" /><testcase classname="backend.tests.test_core_theory_integration.TestDirectionsEndpoint" name="test_direction_recovery_has_all_fields" time="0.077" /><testcase classname="backend.tests.test_core_theory_integration.TestDirectionsEndpoint" name="test_direction_order_has_all_fields" time="0.081" /><testcase classname="backend.tests.test_core_theory_integration.TestDirectionsEndpoint" name="test_direction_exploration_has_all_fields" time="0.094" /></testsuite></testsuites>