<?xml version="1.0" encoding="utf-8"?><testsuites name="pytest tests"><testsuite name="pytest" errors="0" failures="0" skipped="0" tests="10" time="17.495" timestamp="2026-03-09T10:54:32.896649+00:00" hostname="agent-env-d35b0ab3-47b9-4679-90a0-3f7095625370"><testcase classname="backend.tests.test_replay_insights.TestReplayInsightsAPI" name="test_health_check" time="0.560" /><testcase classname="backend.tests.test_replay_insights.TestReplayInsightsAPI" name="test_replay_insights_empty_user" time="0.536" /><testcase classname="backend.tests.test_replay_insights.TestReplayInsightsAPI" name="test_replay_insights_with_data" time="2.998" /><testcase classname="backend.tests.test_replay_insights.TestReplayInsightsAPI" name="test_transition_patterns" time="2.546" /><testcase classname="backend.tests.test_replay_insights.TestReplayInsightsAPI" name="test_blind_spots_detection" time="1.268" /><testcase classname="backend.tests.test_replay_insights.TestReplayInsightsAPI" name="test_hebrew_insights_generation" time="2.535" /><testcase classname="backend.tests.test_replay_insights.TestReplayInsightsAPI" name="test_most_replayed_original_tags" time="2.252" /><testcase classname="backend.tests.test_replay_insights.TestReplayInsightsAPI" name="test_recent_replay_count" time="2.257" /><testcase classname="backend.tests.test_replay_insights.TestReplayInsightsAPI" name="test_response_structure_completeness" time="0.972" /><testcase classname="backend.tests.test_replay_insights.TestReplayInsightsIntegration" name="test_insights_with_authenticated_user" time="1.492" /></testsuite></testsuites>