<?xml version="1.0" encoding="utf-8"?><testsuites name="pytest tests"><testsuite name="pytest" errors="0" failures="0" skipped="0" tests="15" time="2.740" timestamp="2026-03-16T15:18:19.031316+00:00" hostname="agent-env-3dff392d-9929-460d-bd27-f92d042ed2e6"><testcase classname="backend.tests.test_referral_visibility_reputation.TestReferralEndpointEnrichment" name="test_referrals_endpoint_returns_200" time="0.249" /><testcase classname="backend.tests.test_referral_visibility_reputation.TestReferralEndpointEnrichment" name="test_referrals_response_structure" time="0.100" /><testcase classname="backend.tests.test_referral_visibility_reputation.TestReferralEndpointEnrichment" name="test_referral_item_enrichment_fields" time="0.107" /><testcase classname="backend.tests.test_referral_visibility_reputation.TestReferralEndpointEnrichment" name="test_active_status_has_actions" time="0.245" /><testcase classname="backend.tests.test_referral_visibility_reputation.TestReferralEndpointEnrichment" name="test_referral_trust_bonus_calculation" time="0.119" /><testcase classname="backend.tests.test_referral_visibility_reputation.TestReferralEndpointEnrichment" name="test_counts_match_referrals_list" time="0.112" /><testcase classname="backend.tests.test_referral_visibility_reputation.TestTrustEndpointReferralBonus" name="test_trust_endpoint_returns_200" time="0.141" /><testcase classname="backend.tests.test_referral_visibility_reputation.TestTrustEndpointReferralBonus" name="test_trust_response_has_referral_bonus" time="0.093" /><testcase classname="backend.tests.test_referral_visibility_reputation.TestTrustEndpointReferralBonus" name="test_trust_score_includes_referral_bonus" time="0.095" /><testcase classname="backend.tests.test_referral_visibility_reputation.TestTrustEndpointReferralBonus" name="test_referral_bonus_matches_referrals_endpoint" time="0.195" /><testcase classname="backend.tests.test_referral_visibility_reputation.TestRegressionEndpoints" name="test_actions_feed_works" time="0.108" /><testcase classname="backend.tests.test_referral_visibility_reputation.TestRegressionEndpoints" name="test_login_works" time="0.335" /><testcase classname="backend.tests.test_referral_visibility_reputation.TestRegressionEndpoints" name="test_react_endpoint_works" time="0.531" /><testcase classname="backend.tests.test_referral_visibility_reputation.TestUserWithNoReferrals" name="test_empty_referrals_response" time="0.082" /><testcase classname="backend.tests.test_referral_visibility_reputation.TestUserWithNoReferrals" name="test_trust_with_no_referral_bonus" time="0.097" /></testsuite></testsuites>