<?xml version="1.0" encoding="utf-8"?><testsuites name="pytest tests"><testsuite name="pytest" errors="0" failures="0" skipped="0" tests="16" time="10.421" timestamp="2026-03-10T17:10:05.320792+00:00" hostname="agent-env-d025645d-9506-43c4-b042-24ee9cb7136e"><testcase classname="backend.tests.test_daily_orientation_question.TestDailyQuestionEndpoint" name="test_endpoint_returns_success" time="0.467" /><testcase classname="backend.tests.test_daily_orientation_question.TestDailyQuestionEndpoint" name="test_response_has_required_fields" time="0.432" /><testcase classname="backend.tests.test_daily_orientation_question.TestDailyQuestionEndpoint" name="test_question_he_is_hebrew" time="0.497" /><testcase classname="backend.tests.test_daily_orientation_question.TestDailyQuestionEndpoint" name="test_suggested_direction_valid" time="0.544" /><testcase classname="backend.tests.test_daily_orientation_question.TestDailyQuestionEndpoint" name="test_question_id_is_generated" time="0.427" /><testcase classname="backend.tests.test_daily_orientation_question.TestDailyQuestionEndpoint" name="test_new_user_not_already_answered" time="0.476" /><testcase classname="backend.tests.test_daily_orientation_question.TestDailyQuestionEndpoint" name="test_identity_is_returned" time="0.430" /><testcase classname="backend.tests.test_daily_orientation_question.TestDailyQuestionPersistence" name="test_same_question_returned_same_day" time="0.893" /><testcase classname="backend.tests.test_daily_orientation_question.TestDailyAnswerEndpoint" name="test_answer_endpoint_returns_success" time="0.825" /><testcase classname="backend.tests.test_daily_orientation_question.TestDailyAnswerEndpoint" name="test_answer_records_action" time="0.911" /><testcase classname="backend.tests.test_daily_orientation_question.TestDailyAnswerEndpoint" name="test_answer_returns_direction" time="0.834" /><testcase classname="backend.tests.test_daily_orientation_question.TestDailyAnswerEndpoint" name="test_invalid_question_id_returns_404" time="0.997" /><testcase classname="backend.tests.test_daily_orientation_question.TestAlreadyAnsweredToday" name="test_already_answered_after_submit" time="1.281" /><testcase classname="backend.tests.test_daily_orientation_question.TestIdentityBasedQuestions" name="test_new_user_gets_recovery_direction" time="0.455" /><testcase classname="backend.tests.test_daily_orientation_question.TestIdentityBasedQuestions" name="test_new_user_question_content" time="0.426" /><testcase classname="backend.tests.test_daily_orientation_question.TestDailyQuestionUserIdValidation" name="test_user_id_returned_in_response" time="0.418" /></testsuite></testsuites>