<?xml version="1.0" encoding="utf-8"?><testsuites name="pytest tests"><testsuite name="pytest" errors="0" failures="0" skipped="0" tests="11" time="41.539" timestamp="2026-03-13T10:37:50.030576+00:00" hostname="agent-env-46b3c243-c5f5-428a-86a8-368a38cd1ad1"><testcase classname="backend.tests.test_field_trust_profile.TestProfileFieldTrust" name="test_profile_record_includes_field_trust" time="3.212" /><testcase classname="backend.tests.test_field_trust_profile.TestProfileFieldTrust" name="test_field_trust_values_are_numeric" time="4.754" /><testcase classname="backend.tests.test_field_trust_profile.TestProfileFieldTrust" name="test_field_trust_matches_trust_endpoint" time="3.252" /><testcase classname="backend.tests.test_field_trust_profile.TestProfileFieldTrust" name="test_trust_score_calculation_correct" time="3.775" /><testcase classname="backend.tests.test_field_trust_profile.TestExistingProfileElements" name="test_profile_identity_present" time="3.131" /><testcase classname="backend.tests.test_field_trust_profile.TestExistingProfileElements" name="test_profile_value_growth_present" time="4.138" /><testcase classname="backend.tests.test_field_trust_profile.TestExistingProfileElements" name="test_profile_direction_distribution_present" time="3.894" /><testcase classname="backend.tests.test_field_trust_profile.TestExistingProfileElements" name="test_profile_opposition_axes_present" time="3.936" /><testcase classname="backend.tests.test_field_trust_profile.TestExistingProfileElements" name="test_profile_influence_chain_present" time="3.328" /><testcase classname="backend.tests.test_field_trust_profile.TestExistingProfileElements" name="test_profile_action_record_present" time="3.988" /><testcase classname="backend.tests.test_field_trust_profile.TestExistingProfileElements" name="test_profile_ai_interpretation_present" time="4.062" /></testsuite></testsuites>