<?xml version="1.0" encoding="utf-8"?><testsuites name="pytest tests"><testsuite name="pytest" errors="0" failures="0" skipped="0" tests="12" time="3.973" timestamp="2026-03-17T08:07:04.672434+00:00" hostname="agent-env-3dff392d-9929-460d-bd27-f92d042ed2e6"><testcase classname="backend.tests.test_action_visibility.TestActionVisibilityBackend" name="test_post_action_with_visibility_private" time="0.598" /><testcase classname="backend.tests.test_action_visibility.TestActionVisibilityBackend" name="test_post_action_with_visibility_public" time="0.425" /><testcase classname="backend.tests.test_action_visibility.TestActionVisibilityBackend" name="test_post_action_default_visibility" time="0.433" /><testcase classname="backend.tests.test_action_visibility.TestActionVisibilityBackend" name="test_feed_returns_visibility_field" time="0.345" /><testcase classname="backend.tests.test_action_visibility.TestActionVisibilityBackend" name="test_feed_without_viewer_excludes_private" time="0.390" /><testcase classname="backend.tests.test_action_visibility.TestActionVisibilityBackend" name="test_feed_with_viewer_shows_own_private" time="0.386" /><testcase classname="backend.tests.test_action_visibility.TestActionVisibilityBackend" name="test_feed_visibility_filter_public_only" time="0.400" /><testcase classname="backend.tests.test_action_visibility.TestActionVisibilityBackend" name="test_feed_visibility_filter_private_only" time="0.370" /><testcase classname="backend.tests.test_action_visibility.TestRegressionAPIs" name="test_trust_endpoint" time="0.131" /><testcase classname="backend.tests.test_action_visibility.TestRegressionAPIs" name="test_referrals_endpoint" time="0.088" /><testcase classname="backend.tests.test_action_visibility.TestRegressionAPIs" name="test_risk_signals_definitions" time="0.086" /><testcase classname="backend.tests.test_action_visibility.TestActionEndpoints" name="test_get_action_by_id" time="0.183" /></testsuite></testsuites>