<?xml version="1.0" encoding="utf-8"?><testsuites name="pytest tests"><testsuite name="pytest" errors="0" failures="0" skipped="0" tests="9" time="1.606" timestamp="2026-03-12T18:26:39.687410+00:00" hostname="agent-env-57c1e287-f2cc-4b9e-9ade-8bd1084facfd"><testcase classname="backend.tests.test_highlighted_records.TestHighlightedRecordsEndpoint" name="test_highlighted_records_returns_success" time="0.129" /><testcase classname="backend.tests.test_highlighted_records.TestHighlightedRecordsEndpoint" name="test_highlighted_records_structure" time="0.228" /><testcase classname="backend.tests.test_highlighted_records.TestHighlightedRecordsEndpoint" name="test_highlighted_records_sorted_by_impact_score" time="0.106" /><testcase classname="backend.tests.test_highlighted_records.TestHighlightedRecordsEndpoint" name="test_highlighted_records_limited_to_8" time="0.101" /><testcase classname="backend.tests.test_highlighted_records.TestHighlightedRecordsEndpoint" name="test_highlighted_records_direction_values" time="0.128" /><testcase classname="backend.tests.test_highlighted_records.TestHighlightedRecordsEndpoint" name="test_highlighted_records_impact_score_formula" time="0.118" /><testcase classname="backend.tests.test_highlighted_records.TestProfileNavigation" name="test_profile_record_endpoint_exists" time="0.252" /><testcase classname="backend.tests.test_highlighted_records.TestProfileNavigation" name="test_profile_has_matching_alias" time="0.236" /><testcase classname="backend.tests.test_highlighted_records.TestFeedTabIntegration" name="test_feed_endpoint_still_works" time="0.202" /></testsuite></testsuites>