<?xml version="1.0" encoding="utf-8"?><testsuites name="pytest tests"><testsuite name="pytest" errors="0" failures="0" skipped="0" tests="10" time="5.417" timestamp="2026-03-12T10:46:50.103492+00:00" hostname="agent-env-3f023004-4e17-4b7e-bf95-b89fc97d7417"><testcase classname="backend.tests.test_engagement_loop.TestFieldDashboard" name="test_field_dashboard_returns_success" time="0.592" /><testcase classname="backend.tests.test_engagement_loop.TestCompassAI" name="test_compass_ai_returns_user_force" time="0.423" /><testcase classname="backend.tests.test_engagement_loop.TestDailyAnswerReward" name="test_daily_answer_returns_reward_fields" time="0.832" /><testcase classname="backend.tests.test_engagement_loop.TestQuickAction" name="test_first_action_sends_and_returns_success" time="0.576" /><testcase classname="backend.tests.test_engagement_loop.TestDaySummary" name="test_day_summary_returns_required_fields" time="0.409" /><testcase classname="backend.tests.test_engagement_loop.TestGlobeActivity" name="test_globe_activity_returns_points" time="0.445" /><testcase classname="backend.tests.test_engagement_loop.TestRegression" name="test_auth_login" time="0.701" /><testcase classname="backend.tests.test_engagement_loop.TestRegression" name="test_philos_sync" time="0.445" /><testcase classname="backend.tests.test_engagement_loop.TestRegression" name="test_collective_layer" time="0.462" /><testcase classname="backend.tests.test_engagement_loop.TestRegression" name="test_user_profile" time="0.428" /></testsuite></testsuites>