<?xml version="1.0" encoding="utf-8"?><testsuites name="pytest tests"><testsuite name="pytest" errors="0" failures="0" skipped="0" tests="20" time="1.926" timestamp="2026-03-12T16:14:04.060851+00:00" hostname="agent-env-57c1e287-f2cc-4b9e-9ade-8bd1084facfd"><testcase classname="backend.tests.test_daily_base_allocation.TestDailyBaseGetEndpoint" name="test_get_daily_base_returns_success" time="0.651" /><testcase classname="backend.tests.test_daily_base_allocation.TestDailyBaseGetEndpoint" name="test_get_daily_base_has_base_definitions" time="0.171" /><testcase classname="backend.tests.test_daily_base_allocation.TestDailyBaseGetEndpoint" name="test_base_definitions_have_hebrew_names" time="0.047" /><testcase classname="backend.tests.test_daily_base_allocation.TestDailyBaseGetEndpoint" name="test_base_definitions_have_allocations" time="0.048" /><testcase classname="backend.tests.test_daily_base_allocation.TestDailyBaseGetEndpoint" name="test_get_daily_base_has_department_history" time="0.042" /><testcase classname="backend.tests.test_daily_base_allocation.TestDailyBasePostEndpoint" name="test_post_daily_base_heart_success" time="0.050" /><testcase classname="backend.tests.test_daily_base_allocation.TestDailyBasePostEndpoint" name="test_post_daily_base_head_success" time="0.049" /><testcase classname="backend.tests.test_daily_base_allocation.TestDailyBasePostEndpoint" name="test_post_daily_base_body_success" time="0.051" /><testcase classname="backend.tests.test_daily_base_allocation.TestDailyBasePostEndpoint" name="test_post_daily_base_invalid_rejected" time="0.044" /><testcase classname="backend.tests.test_daily_base_allocation.TestDailyBasePostEndpoint" name="test_post_daily_base_empty_rejected" time="0.045" /><testcase classname="backend.tests.test_daily_base_allocation.TestDailyBasePostEndpoint" name="test_post_daily_base_returns_allocations" time="0.046" /><testcase classname="backend.tests.test_daily_base_allocation.TestDailyBasePersistence" name="test_base_selection_persists" time="0.124" /><testcase classname="backend.tests.test_daily_base_allocation.TestDaySummaryEndpoint" name="test_day_summary_returns_success" time="0.047" /><testcase classname="backend.tests.test_daily_base_allocation.TestDaySummaryEndpoint" name="test_day_summary_has_chosen_base" time="0.049" /><testcase classname="backend.tests.test_daily_base_allocation.TestDaySummaryEndpoint" name="test_day_summary_has_dept_allocation" time="0.052" /><testcase classname="backend.tests.test_daily_base_allocation.TestDaySummaryEndpoint" name="test_day_summary_has_most_used_dept" time="0.054" /><testcase classname="backend.tests.test_daily_base_allocation.TestDaySummaryEndpoint" name="test_day_summary_has_neglected_dept" time="0.052" /><testcase classname="backend.tests.test_daily_base_allocation.TestDaySummaryEndpoint" name="test_day_summary_has_preferred_dept" time="0.043" /><testcase classname="backend.tests.test_daily_base_allocation.TestDaySummaryEndpoint" name="test_day_summary_has_direction_data" time="0.051" /><testcase classname="backend.tests.test_daily_base_allocation.TestDirectionToDeptMapping" name="test_contribution_maps_to_heart" time="0.048" /></testsuite></testsuites>