<?xml version="1.0" encoding="utf-8"?><testsuites name="pytest tests"><testsuite name="pytest" errors="0" failures="0" skipped="0" tests="17" time="12.008" timestamp="2026-03-12T08:51:56.367030+00:00" hostname="agent-env-3f023004-4e17-4b7e-bf95-b89fc97d7417"><testcase classname="backend.tests.test_circle_detail_view.TestCircleDetailGet" name="test_circle_detail_returns_success" time="0.611" /><testcase classname="backend.tests.test_circle_detail_view.TestCircleDetailGet" name="test_circle_detail_has_circle_info" time="0.466" /><testcase classname="backend.tests.test_circle_detail_view.TestCircleDetailGet" name="test_circle_detail_has_is_member_field" time="0.529" /><testcase classname="backend.tests.test_circle_detail_view.TestCircleDetailGet" name="test_circle_detail_with_user_id_param" time="0.449" /><testcase classname="backend.tests.test_circle_detail_view.TestCircleDetailGet" name="test_circle_detail_has_feed" time="0.438" /><testcase classname="backend.tests.test_circle_detail_view.TestCircleDetailGet" name="test_circle_detail_has_leaderboard" time="0.418" /><testcase classname="backend.tests.test_circle_detail_view.TestCircleDetailGet" name="test_circle_detail_has_missions" time="0.397" /><testcase classname="backend.tests.test_circle_detail_view.TestCircleDetailGet" name="test_all_six_circles_accessible" time="2.595" /><testcase classname="backend.tests.test_circle_detail_view.TestCircleDetailGet" name="test_invalid_circle_returns_404" time="0.428" /><testcase classname="backend.tests.test_circle_detail_view.TestCircleLeaveEndpoint" name="test_leave_circle_success" time="0.826" /><testcase classname="backend.tests.test_circle_detail_view.TestCircleLeaveEndpoint" name="test_leave_circle_non_member" time="0.419" /><testcase classname="backend.tests.test_circle_detail_view.TestCircleLeaveEndpoint" name="test_leave_invalid_circle" time="0.415" /><testcase classname="backend.tests.test_circle_detail_view.TestJoinLeaveFlow" name="test_join_verify_leave_verify_flow" time="2.139" /><testcase classname="backend.tests.test_circle_detail_view.TestRegressionExistingEndpoints" name="test_value_circles_list_still_works" time="0.445" /><testcase classname="backend.tests.test_circle_detail_view.TestRegressionExistingEndpoints" name="test_join_circle_still_works" time="0.431" /><testcase classname="backend.tests.test_circle_detail_view.TestRegressionExistingEndpoints" name="test_missions_endpoint_still_works" time="0.452" /><testcase classname="backend.tests.test_circle_detail_view.TestRegressionExistingEndpoints" name="test_leaders_endpoint_still_works" time="0.428" /></testsuite></testsuites>