<?xml version="1.0" encoding="utf-8"?><testsuites name="pytest tests"><testsuite name="pytest" errors="0" failures="0" skipped="0" tests="13" time="1.827" timestamp="2026-03-17T09:20:22.663607+00:00" hostname="agent-env-3dff392d-9929-460d-bd27-f92d042ed2e6"><testcase classname="backend.tests.test_orientation_layer.TestOrientationAPI" name="test_orientation_endpoint_exists" time="0.285" /><testcase classname="backend.tests.test_orientation_layer.TestOrientationAPI" name="test_orientation_response_structure" time="0.084" /><testcase classname="backend.tests.test_orientation_layer.TestOrientationAPI" name="test_orientation_context_structure" time="0.080" /><testcase classname="backend.tests.test_orientation_layer.TestOrientationAPI" name="test_user_a_contributing_orientation" time="0.088" /><testcase classname="backend.tests.test_orientation_layer.TestOrientationAPI" name="test_user_b_emerging_low_reactors" time="0.121" /><testcase classname="backend.tests.test_orientation_layer.TestOrientationAPI" name="test_nonexistent_user_returns_post_first" time="0.109" /><testcase classname="backend.tests.test_orientation_layer.TestOrientationAPI" name="test_orientation_action_type_values" time="0.088" /><testcase classname="backend.tests.test_orientation_layer.TestRegressionAPIs" name="test_position_api_still_works" time="0.087" /><testcase classname="backend.tests.test_orientation_layer.TestRegressionAPIs" name="test_trust_api_still_works" time="0.091" /><testcase classname="backend.tests.test_orientation_layer.TestRegressionAPIs" name="test_feed_api_still_works" time="0.112" /><testcase classname="backend.tests.test_orientation_layer.TestRegressionAPIs" name="test_auth_login_works" time="0.332" /><testcase classname="backend.tests.test_orientation_layer.TestOrientationDecisionRules" name="test_cta_mapping_for_post_types" time="0.138" /><testcase classname="backend.tests.test_orientation_layer.TestOrientationDecisionRules" name="test_cta_mapping_for_feed_types" time="0.098" /></testsuite></testsuites>