<?xml version="1.0" encoding="utf-8"?><testsuites name="pytest tests"><testsuite name="pytest" errors="0" failures="0" skipped="0" tests="10" time="8.994" timestamp="2026-03-09T10:12:25.304409+00:00" hostname="agent-env-d35b0ab3-47b9-4679-90a0-3f7095625370"><testcase classname="backend.tests.test_decision_replay.TestDecisionReplayAPIs" name="test_health_check" time="0.703" /><testcase classname="backend.tests.test_decision_replay.TestDecisionReplayAPIs" name="test_save_replay_metadata" time="0.458" /><testcase classname="backend.tests.test_decision_replay.TestDecisionReplayAPIs" name="test_save_multiple_replays" time="1.417" /><testcase classname="backend.tests.test_decision_replay.TestDecisionReplayAPIs" name="test_get_replay_history" time="1.743" /><testcase classname="backend.tests.test_decision_replay.TestDecisionReplayAPIs" name="test_get_replay_history_empty_user" time="0.428" /><testcase classname="backend.tests.test_decision_replay.TestDecisionReplayAPIs" name="test_save_replay_with_timestamp" time="0.444" /><testcase classname="backend.tests.test_decision_replay.TestDecisionReplayAPIs" name="test_replay_limit_parameter" time="1.693" /><testcase classname="backend.tests.test_decision_replay.TestAuthAPIs" name="test_login_api" time="0.742" /><testcase classname="backend.tests.test_decision_replay.TestAuthAPIs" name="test_register_api" time="0.679" /><testcase classname="backend.tests.test_decision_replay.TestDecisionAPI" name="test_save_decision" time="0.405" /></testsuite></testsuites>