<?xml version="1.0" encoding="utf-8"?><testsuites name="pytest tests"><testsuite name="pytest" errors="0" failures="0" skipped="0" tests="10" time="11.085" timestamp="2026-03-13T13:57:40.384599+00:00" hostname="agent-env-46b3c243-c5f5-428a-86a8-368a38cd1ad1"><testcase classname="backend.tests.test_trust_history_ui.TestTrustHistoryEndpoint" name="test_trust_history_returns_all_fields" time="0.151" /><testcase classname="backend.tests.test_trust_history_ui.TestTrustHistoryEndpoint" name="test_ledger_entries_structure" time="0.095" /><testcase classname="backend.tests.test_trust_history_ui.TestTrustHistoryEndpoint" name="test_source_flows_present" time="0.110" /><testcase classname="backend.tests.test_trust_history_ui.TestTrustHistoryEndpoint" name="test_limit_parameter" time="0.086" /><testcase classname="backend.tests.test_trust_history_ui.TestExistingEndpointsRegression" name="test_auth_login" time="0.330" /><testcase classname="backend.tests.test_trust_history_ui.TestExistingEndpointsRegression" name="test_trust_profile_endpoint" time="0.125" /><testcase classname="backend.tests.test_trust_history_ui.TestExistingEndpointsRegression" name="test_field_dashboard" time="3.658" /><testcase classname="backend.tests.test_trust_history_ui.TestExistingEndpointsRegression" name="test_profile_record" time="3.304" /><testcase classname="backend.tests.test_trust_history_ui.TestTrustHistoryUIIntegration" name="test_parallel_fetch_compatibility" time="3.065" /><testcase classname="backend.tests.test_trust_history_ui.TestTrustHistoryUIIntegration" name="test_source_labels_map_to_hebrew" time="0.096" /></testsuite></testsuites>