<?xml version="1.0" encoding="utf-8"?><testsuites name="pytest tests"><testsuite name="pytest" errors="0" failures="0" skipped="0" tests="16" time="85.632" timestamp="2026-03-12T21:54:56.997606+00:00" hostname="agent-env-46b3c243-c5f5-428a-86a8-368a38cd1ad1"><testcase classname="backend.tests.test_ai_interpretation.TestFieldDashboardAIInterpretation" name="test_field_dashboard_returns_success" time="6.293" /><testcase classname="backend.tests.test_ai_interpretation.TestFieldDashboardAIInterpretation" name="test_field_dashboard_has_ai_field_interpretation" time="10.605" /><testcase classname="backend.tests.test_ai_interpretation.TestFieldDashboardAIInterpretation" name="test_field_interpretation_is_hebrew" time="4.780" /><testcase classname="backend.tests.test_ai_interpretation.TestFieldDashboardAIInterpretation" name="test_field_interpretation_is_one_sentence" time="4.692" /><testcase classname="backend.tests.test_ai_interpretation.TestFieldDashboardAIInterpretation" name="test_field_narrative_also_exists" time="4.069" /><testcase classname="backend.tests.test_ai_interpretation.TestProfileAIInterpretation" name="test_profile_record_returns_success" time="6.713" /><testcase classname="backend.tests.test_ai_interpretation.TestProfileAIInterpretation" name="test_profile_has_ai_profile_interpretation" time="7.068" /><testcase classname="backend.tests.test_ai_interpretation.TestProfileAIInterpretation" name="test_profile_interpretation_is_hebrew" time="4.991" /><testcase classname="backend.tests.test_ai_interpretation.TestProfileAIInterpretation" name="test_profile_interpretation_is_one_sentence" time="3.270" /><testcase classname="backend.tests.test_ai_interpretation.TestProfileAIInterpretation" name="test_profile_identity_markers_still_exist" time="3.802" /><testcase classname="backend.tests.test_ai_interpretation.TestDailyAnswerAIInterpretation" name="test_daily_answer_endpoint_exists" time="0.575" /><testcase classname="backend.tests.test_ai_interpretation.TestDailyAnswerAIInterpretation" name="test_daily_answer_response_structure" time="0.482" /><testcase classname="backend.tests.test_ai_interpretation.TestAIInterpretationCharacteristics" name="test_ai_interpretations_are_different_each_time" time="13.077" /><testcase classname="backend.tests.test_ai_interpretation.TestAIInterpretationCharacteristics" name="test_ai_response_time_reasonable" time="6.623" /><testcase classname="backend.tests.test_ai_interpretation.TestExistingFeaturesStillWork" name="test_field_dashboard_stats_still_present" time="3.552" /><testcase classname="backend.tests.test_ai_interpretation.TestExistingFeaturesStillWork" name="test_profile_action_record_still_present" time="4.926" /></testsuite></testsuites>