<?xml version="1.0" encoding="utf-8"?><testsuites name="pytest tests"><testsuite name="pytest" errors="0" failures="0" skipped="0" tests="13" time="6.316" timestamp="2026-03-10T17:21:06.881590+00:00" hostname="agent-env-d025645d-9506-43c4-b042-24ee9cb7136e"><testcase classname="backend.tests.test_orientation_field_today.TestFieldTodayEndpoint" name="test_endpoint_returns_success" time="0.733" /><testcase classname="backend.tests.test_orientation_field_today.TestFieldTodayEndpoint" name="test_response_has_distribution" time="0.450" /><testcase classname="backend.tests.test_orientation_field_today.TestFieldTodayEndpoint" name="test_distribution_sums_to_100" time="0.416" /><testcase classname="backend.tests.test_orientation_field_today.TestFieldTodayEndpoint" name="test_response_has_active_users_count" time="0.587" /><testcase classname="backend.tests.test_orientation_field_today.TestFieldTodayEndpoint" name="test_response_has_total_actions_count" time="0.462" /><testcase classname="backend.tests.test_orientation_field_today.TestFieldTodayEndpoint" name="test_response_has_dominant_direction" time="0.453" /><testcase classname="backend.tests.test_orientation_field_today.TestFieldTodayEndpoint" name="test_response_has_insight" time="0.421" /><testcase classname="backend.tests.test_orientation_field_today.TestDistributionCalculations" name="test_dominant_direction_has_highest_percentage" time="0.465" /><testcase classname="backend.tests.test_orientation_field_today.TestDistributionCalculations" name="test_percentages_are_rounded_to_one_decimal" time="0.457" /><testcase classname="backend.tests.test_orientation_field_today.TestInsightGeneration" name="test_insight_contains_hebrew" time="0.414" /><testcase classname="backend.tests.test_orientation_field_today.TestInsightGeneration" name="test_insight_mentions_dominant_direction" time="0.406" /><testcase classname="backend.tests.test_orientation_field_today.TestResponseFormat" name="test_all_fields_present" time="0.479" /><testcase classname="backend.tests.test_orientation_field_today.TestResponseFormat" name="test_no_negative_values" time="0.443" /></testsuite></testsuites>