<?xml version="1.0" encoding="utf-8"?><testsuites name="pytest tests"><testsuite name="pytest" errors="0" failures="0" skipped="0" tests="14" time="14.723" timestamp="2026-03-13T17:31:21.079861+00:00" hostname="agent-env-7a5d05c3-46bc-4018-b162-6c9ab390f14d"><testcase classname="backend.tests.test_invite_system_mvp.TestInvitesMe" name="test_invites_me_returns_401_without_auth" time="1.063" /><testcase classname="backend.tests.test_invite_system_mvp.TestInvitesMe" name="test_invites_me_returns_codes_with_auth" time="1.222" /><testcase classname="backend.tests.test_invite_system_mvp.TestInvitesGenerate" name="test_generate_requires_auth" time="0.430" /><testcase classname="backend.tests.test_invite_system_mvp.TestInvitesGenerate" name="test_generate_respects_max_active_limit" time="1.427" /><testcase classname="backend.tests.test_invite_system_mvp.TestInvitesRedeem" name="test_redeem_blocks_self_redeem" time="1.999" /><testcase classname="backend.tests.test_invite_system_mvp.TestInvitesRedeem" name="test_redeem_blocks_double_redeem" time="2.025" /><testcase classname="backend.tests.test_invite_system_mvp.TestInvitesRedeem" name="test_redeem_invalid_code_returns_404" time="1.632" /><testcase classname="backend.tests.test_invite_system_mvp.TestInvitesShare" name="test_share_requires_auth" time="0.413" /><testcase classname="backend.tests.test_invite_system_mvp.TestInvitesShare" name="test_share_tracks_event" time="1.010" /><testcase classname="backend.tests.test_invite_system_mvp.TestInvitesLookup" name="test_lookup_invalid_code_returns_404" time="0.441" /><testcase classname="backend.tests.test_invite_system_mvp.TestInvitesLookup" name="test_lookup_valid_code_returns_details" time="1.393" /><testcase classname="backend.tests.test_invite_system_mvp.TestAuthLogin" name="test_login_still_works" time="0.649" /><testcase classname="backend.tests.test_invite_system_mvp.TestTrustAPI" name="test_trust_profile_still_works" time="0.447" /><testcase classname="backend.tests.test_invite_system_mvp.TestAnalyticsEvents" name="test_invite_events_tracked" time="0.433" /></testsuite></testsuites>