<?xml version="1.0" encoding="utf-8"?><testsuites name="pytest tests"><testsuite name="pytest" errors="0" failures="0" skipped="0" tests="11" time="12.431" timestamp="2026-03-13T19:00:26.452594+00:00" hostname="agent-env-7a5d05c3-46bc-4018-b162-6c9ab390f14d"><testcase classname="backend.tests.test_iteration_73.TestAuthentication" name="test_login_fresh_user" time="0.883" /><testcase classname="backend.tests.test_iteration_73.TestAuthentication" name="test_login_completed_user" time="0.641" /><testcase classname="backend.tests.test_iteration_73.TestOrientationEndpoints" name="test_daily_base_fresh_user" time="0.525" /><testcase classname="backend.tests.test_iteration_73.TestOrientationEndpoints" name="test_daily_base_completed_user" time="0.441" /><testcase classname="backend.tests.test_iteration_73.TestOrientationEndpoints" name="test_daily_question_fresh_user" time="0.409" /><testcase classname="backend.tests.test_iteration_73.TestOrientationEndpoints" name="test_daily_question_completed_user" time="0.430" /><testcase classname="backend.tests.test_iteration_73.TestTrustEndpoints" name="test_user_trust_fresh" time="0.436" /><testcase classname="backend.tests.test_iteration_73.TestTrustEndpoints" name="test_user_trust_completed" time="0.440" /><testcase classname="backend.tests.test_iteration_73.TestInviteEndpoints" name="test_get_invites" time="1.051" /><testcase classname="backend.tests.test_iteration_73.TestInviteEndpoints" name="test_invite_lookup" time="1.495" /><testcase classname="backend.tests.test_iteration_73.TestDailyAnswerEndpoint" name="test_daily_answer_endpoint_exists" time="5.567" /></testsuite></testsuites>