<?xml version="1.0" encoding="utf-8"?><testsuites name="pytest tests"><testsuite name="pytest" errors="0" failures="0" skipped="0" tests="12" time="6.892" timestamp="2026-03-09T11:51:59.689324+00:00" hostname="agent-env-d35b0ab3-47b9-4679-90a0-3f7095625370"><testcase classname="backend.tests.test_replay_insights.TestReplayInsightsAPI" name="test_replay_insights_endpoint_exists" time="0.647" /><testcase classname="backend.tests.test_replay_insights.TestReplayInsightsAPI" name="test_replay_insights_returns_correct_structure" time="0.516" /><testcase classname="backend.tests.test_replay_insights.TestReplayInsightsAPI" name="test_replay_insights_with_existing_user" time="0.432" /><testcase classname="backend.tests.test_replay_insights.TestReplayInsightsAPI" name="test_alternative_path_counts_format" time="0.423" /><testcase classname="backend.tests.test_replay_insights.TestReplayInsightsAPI" name="test_transition_patterns_format" time="0.419" /><testcase classname="backend.tests.test_replay_insights.TestReplayInsightsAPI" name="test_blind_spots_format" time="0.434" /><testcase classname="backend.tests.test_replay_insights.TestReplayInsightsAPI" name="test_recent_replay_count" time="0.411" /><testcase classname="backend.tests.test_replay_insights.TestCreateReplayData" name="test_create_replay_metadata" time="0.399" /><testcase classname="backend.tests.test_replay_insights.TestCreateReplayData" name="test_verify_created_replay_appears_in_insights" time="1.716" /><testcase classname="backend.tests.test_replay_insights.TestWeeklyReportIntegration" name="test_replay_insights_for_weekly_report" time="0.442" /><testcase classname="backend.tests.test_replay_insights.TestWeeklyReportIntegration" name="test_gap_analysis_data_available" time="0.420" /><testcase classname="backend.tests.test_replay_insights.TestWeeklyReportIntegration" name="test_hebrew_insights_generated" time="0.462" /></testsuite></testsuites>