<?xml version="1.0" encoding="utf-8"?><testsuites name="pytest tests"><testsuite name="pytest" errors="0" failures="0" skipped="0" tests="14" time="6.330" timestamp="2026-03-10T18:49:12.555593+00:00" hostname="agent-env-9f59a014-8ddc-4161-892e-fc3ae30e03f4"><testcase classname="backend.tests.test_community_layer.TestActiveUsers" name="test_active_users_endpoint_returns_success" time="0.422" /><testcase classname="backend.tests.test_community_layer.TestActiveUsers" name="test_active_users_returns_required_fields" time="0.424" /><testcase classname="backend.tests.test_community_layer.TestActiveUsers" name="test_active_users_values_are_non_negative" time="0.524" /><testcase classname="backend.tests.test_community_layer.TestRelativeScore" name="test_relative_score_endpoint_returns_success" time="0.403" /><testcase classname="backend.tests.test_community_layer.TestRelativeScore" name="test_relative_score_returns_percentile" time="0.482" /><testcase classname="backend.tests.test_community_layer.TestRelativeScore" name="test_relative_score_returns_direction" time="0.474" /><testcase classname="backend.tests.test_community_layer.TestRelativeScore" name="test_relative_score_returns_user_actions_today" time="0.445" /><testcase classname="backend.tests.test_community_layer.TestOrientationCircles" name="test_circles_endpoint_returns_success" time="0.421" /><testcase classname="backend.tests.test_community_layer.TestOrientationCircles" name="test_circles_returns_all_directions" time="0.562" /><testcase classname="backend.tests.test_community_layer.TestOrientationCircles" name="test_circles_values_are_integers" time="0.446" /><testcase classname="backend.tests.test_community_layer.TestOrientationCircles" name="test_circles_values_are_non_negative" time="0.437" /><testcase classname="backend.tests.test_community_layer.TestCommunityStreaks" name="test_streaks_endpoint_returns_success" time="0.421" /><testcase classname="backend.tests.test_community_layer.TestCommunityStreaks" name="test_streaks_returns_users_on_streak" time="0.406" /><testcase classname="backend.tests.test_community_layer.TestCommunityStreaks" name="test_streaks_returns_longest_streak_today" time="0.396" /></testsuite></testsuites>