<?xml version="1.0" encoding="utf-8"?><testsuites name="pytest tests"><testsuite name="pytest" errors="0" failures="0" skipped="0" tests="23" time="17.453" timestamp="2026-03-13T19:17:21.252723+00:00" hostname="agent-env-7a5d05c3-46bc-4018-b162-6c9ab390f14d"><testcase classname="backend.tests.test_funnel_analytics.TestAnalyticsTrackEndpoint" name="test_track_event_returns_success" time="0.647" /><testcase classname="backend.tests.test_funnel_analytics.TestAnalyticsTrackEndpoint" name="test_track_event_with_metadata" time="0.527" /><testcase classname="backend.tests.test_funnel_analytics.TestAnalyticsTrackEndpoint" name="test_track_event_anonymous_user" time="0.465" /><testcase classname="backend.tests.test_funnel_analytics.TestAnalyticsTrackEndpoint" name="test_track_event_missing_event_returns_false" time="0.426" /><testcase classname="backend.tests.test_funnel_analytics.TestAnalyticsTrackEndpoint" name="test_track_all_funnel_events" time="2.583" /><testcase classname="backend.tests.test_funnel_analytics.TestAnalyticsFunnelEndpoint" name="test_funnel_returns_success_and_structure" time="0.429" /><testcase classname="backend.tests.test_funnel_analytics.TestAnalyticsFunnelEndpoint" name="test_funnel_steps_have_required_fields" time="0.442" /><testcase classname="backend.tests.test_funnel_analytics.TestAnalyticsFunnelEndpoint" name="test_funnel_steps_in_correct_order" time="0.466" /><testcase classname="backend.tests.test_funnel_analytics.TestAnalyticsFunnelEndpoint" name="test_funnel_with_custom_days_parameter" time="0.431" /><testcase classname="backend.tests.test_funnel_analytics.TestAnalyticsFunnelEndpoint" name="test_funnel_days_clamped_to_max_30" time="0.439" /><testcase classname="backend.tests.test_funnel_analytics.TestAnalyticsFunnelEndpoint" name="test_funnel_days_clamped_to_min_1" time="0.423" /><testcase classname="backend.tests.test_funnel_analytics.TestFunnelDeduplication" name="test_simulate_full_funnel_for_user" time="2.883" /><testcase classname="backend.tests.test_funnel_analytics.TestFunnelDeduplication" name="test_duplicate_events_same_user_counted_once" time="1.637" /><testcase classname="backend.tests.test_funnel_analytics.TestExistingAnalyticsEndpoints" name="test_analytics_summary_endpoint" time="0.416" /><testcase classname="backend.tests.test_funnel_analytics.TestExistingAnalyticsEndpoints" name="test_analytics_summary_with_days_param" time="0.439" /><testcase classname="backend.tests.test_funnel_analytics.TestExistingAnalyticsEndpoints" name="test_analytics_events_endpoint" time="0.411" /><testcase classname="backend.tests.test_funnel_analytics.TestExistingAnalyticsEndpoints" name="test_analytics_events_contains_funnel_events" time="0.815" /><testcase classname="backend.tests.test_funnel_analytics.TestExistingAPIsUnaffected" name="test_auth_login_endpoint" time="0.672" /><testcase classname="backend.tests.test_funnel_analytics.TestExistingAPIsUnaffected" name="test_user_trust_endpoint" time="0.430" /><testcase classname="backend.tests.test_funnel_analytics.TestExistingAPIsUnaffected" name="test_invites_me_with_auth" time="1.094" /><testcase classname="backend.tests.test_funnel_analytics.TestDropOffPercentages" name="test_pct_of_top_calculation" time="0.427" /><testcase classname="backend.tests.test_funnel_analytics.TestDropOffPercentages" name="test_pct_of_prev_first_step_is_none" time="0.408" /><testcase classname="backend.tests.test_funnel_analytics.TestDropOffPercentages" name="test_funnel_percentages_are_numbers" time="0.425" /></testsuite></testsuites>