<?xml version="1.0" encoding="utf-8"?><testsuites name="pytest tests"><testsuite name="pytest" errors="0" failures="1" skipped="0" tests="16" time="12.844" timestamp="2026-03-15T13:17:04.152789+00:00" hostname="agent-env-aeb54998-47e2-4314-84f3-00dc82a9d0f5"><testcase classname="backend.tests.test_product_app_apis.TestAuthLogin" name="test_login_success" time="0.882" /><testcase classname="backend.tests.test_product_app_apis.TestAuthLogin" name="test_login_invalid_credentials" time="0.509"><failure message="assert 200 in [401, 400]&#10; +  where 200 = &lt;Response [200]&gt;.status_code">backend/tests/test_product_app_apis.py:37: in test_login_invalid_credentials
    assert response.status_code in [401, 400]
E   assert 200 in [401, 400]
E    +  where 200 = &lt;Response [200]&gt;.status_code</failure></testcase><testcase classname="backend.tests.test_product_app_apis.TestActionsFeed" name="test_feed_returns_actions" time="0.408" /><testcase classname="backend.tests.test_product_app_apis.TestActionsFeed" name="test_feed_action_structure" time="0.443" /><testcase classname="backend.tests.test_product_app_apis.TestActionsFeed" name="test_feed_category_filter" time="0.538" /><testcase classname="backend.tests.test_product_app_apis.TestActionsFeed" name="test_feed_community_filter" time="0.418" /><testcase classname="backend.tests.test_product_app_apis.TestActionsMap" name="test_map_returns_points" time="0.420" /><testcase classname="backend.tests.test_product_app_apis.TestActionsMap" name="test_map_point_structure" time="0.408" /><testcase classname="backend.tests.test_product_app_apis.TestImpactProfile" name="test_profile_returns_data" time="1.023" /><testcase classname="backend.tests.test_product_app_apis.TestImpactProfile" name="test_profile_structure" time="1.090" /><testcase classname="backend.tests.test_product_app_apis.TestImpactDashboard" name="test_dashboard_returns_data" time="1.025" /><testcase classname="backend.tests.test_product_app_apis.TestImpactDashboard" name="test_dashboard_structure" time="1.084" /><testcase classname="backend.tests.test_product_app_apis.TestPostAction" name="test_post_action_requires_auth" time="0.397" /><testcase classname="backend.tests.test_product_app_apis.TestPostAction" name="test_post_action_success" time="1.049" /><testcase classname="backend.tests.test_product_app_apis.TestPostAction" name="test_posted_action_appears_in_feed" time="1.507" /><testcase classname="backend.tests.test_product_app_apis.TestPostAction" name="test_posted_action_with_location_appears_on_map" time="1.504" /></testsuite></testsuites>