<?xml version="1.0" encoding="utf-8"?><testsuites name="pytest tests"><testsuite name="pytest" errors="0" failures="0" skipped="0" tests="9" time="4.132" timestamp="2026-03-16T13:25:43.510071+00:00" hostname="agent-env-3dff392d-9929-460d-bd27-f92d042ed2e6"><testcase classname="backend.tests.test_trust_engine_api.TestTrustEngineAPI" name="test_trust_endpoint_returns_expected_fields" time="0.564" /><testcase classname="backend.tests.test_trust_engine_api.TestTrustEngineAPI" name="test_trust_score_is_enforcement_adjusted" time="0.525" /><testcase classname="backend.tests.test_trust_engine_api.TestTrustEngineAPI" name="test_trust_endpoint_returns_risk_signals" time="0.413" /><testcase classname="backend.tests.test_trust_engine_api.TestTrustEngineAPI" name="test_trust_endpoint_unknown_user" time="0.432" /><testcase classname="backend.tests.test_trust_engine_api.TestTrustEngineAPI" name="test_trust_endpoint_returns_decay_info" time="0.438" /><testcase classname="backend.tests.test_trust_engine_api.TestRegressionEndpoints" name="test_actions_feed_works" time="0.427" /><testcase classname="backend.tests.test_trust_engine_api.TestRegressionEndpoints" name="test_impact_profile_works" time="0.427" /><testcase classname="backend.tests.test_trust_engine_api.TestRegressionEndpoints" name="test_risk_signals_definitions_returns_8" time="0.427" /><testcase classname="backend.tests.test_trust_engine_api.TestReactionWeights" name="test_feed_actions_have_trust_signal" time="0.417" /></testsuite></testsuites>