<?xml version="1.0" encoding="utf-8"?><testsuites name="pytest tests"><testsuite name="pytest" errors="0" failures="0" skipped="0" tests="11" time="5.132" timestamp="2026-03-10T16:07:21.040922+00:00" hostname="agent-env-d025645d-9506-43c4-b042-24ee9cb7136e"><testcase classname="backend.tests.test_momentum_indicator.TestMomentumIndicatorBackend" name="test_orientation_field_returns_success" time="0.573" /><testcase classname="backend.tests.test_momentum_indicator.TestMomentumIndicatorBackend" name="test_field_momentum_present" time="0.418" /><testcase classname="backend.tests.test_momentum_indicator.TestMomentumIndicatorBackend" name="test_momentum_insight_present" time="0.427" /><testcase classname="backend.tests.test_momentum_indicator.TestMomentumIndicatorBackend" name="test_momentum_strength_range" time="0.477" /><testcase classname="backend.tests.test_momentum_indicator.TestMomentumIndicatorBackend" name="test_momentum_direction_type" time="0.400" /><testcase classname="backend.tests.test_momentum_indicator.TestMomentumIndicatorBackend" name="test_momentum_arrow_structure" time="0.408" /><testcase classname="backend.tests.test_momentum_indicator.TestMomentumIndicatorBackend" name="test_stable_momentum_no_arrow" time="0.411" /><testcase classname="backend.tests.test_momentum_indicator.TestMomentumIndicatorBackend" name="test_momentum_fields_consistency" time="0.419" /><testcase classname="backend.tests.test_momentum_indicator.TestMomentumIndicatorBackend" name="test_all_response_fields_present" time="0.520" /><testcase classname="backend.tests.test_momentum_indicator.TestMomentumInsightContent" name="test_momentum_insight_hebrew_text" time="0.527" /><testcase classname="backend.tests.test_momentum_indicator.TestMomentumInsightContent" name="test_stable_momentum_has_correct_insight" time="0.497" /></testsuite></testsuites>