<?xml version="1.0" encoding="utf-8"?><testsuites name="pytest tests"><testsuite name="pytest" errors="0" failures="0" skipped="0" tests="9" time="4.556" timestamp="2026-03-12T11:33:01.342919+00:00" hostname="agent-env-3f023004-4e17-4b7e-bf95-b89fc97d7417"><testcase classname="backend.tests.test_world_state_globe.TestWorldStateGlobeAPIs" name="test_globe_activity_endpoint" time="0.610" /><testcase classname="backend.tests.test_world_state_globe.TestWorldStateGlobeAPIs" name="test_field_dashboard_endpoint" time="0.522" /><testcase classname="backend.tests.test_world_state_globe.TestWorldStateGlobeAPIs" name="test_globe_region_detail_endpoint" time="0.463" /><testcase classname="backend.tests.test_world_state_globe.TestWorldStateGlobeAPIs" name="test_globe_region_invalid_code" time="0.673" /><testcase classname="backend.tests.test_world_state_globe.TestWorldStateGlobeAPIs" name="test_direction_colors_consistency" time="0.454" /><testcase classname="backend.tests.test_world_state_globe.TestRegressionAPIs" name="test_root_endpoint" time="0.468" /><testcase classname="backend.tests.test_world_state_globe.TestRegressionAPIs" name="test_profile_record_endpoint" time="0.434" /><testcase classname="backend.tests.test_world_state_globe.TestRegressionAPIs" name="test_field_today_endpoint" time="0.414" /><testcase classname="backend.tests.test_world_state_globe.TestRegressionAPIs" name="test_daily_question_endpoint" time="0.451" /></testsuite></testsuites>