<?xml version="1.0" encoding="utf-8"?><testsuites name="pytest tests"><testsuite name="pytest" errors="0" failures="0" skipped="0" tests="10" time="5.304" timestamp="2026-03-13T14:10:54.034083+00:00" hostname="agent-env-46b3c243-c5f5-428a-86a8-368a38cd1ad1"><testcase classname="backend.tests.test_weighted_trust_summary.TestTrustHistoryWeightedSummary" name="test_stable_user_has_summary_by_source_with_value_delta" time="0.157" /><testcase classname="backend.tests.test_weighted_trust_summary.TestTrustHistoryWeightedSummary" name="test_stable_user_has_manual_and_globe_sources" time="0.102" /><testcase classname="backend.tests.test_weighted_trust_summary.TestTrustHistoryWeightedSummary" name="test_building_user_has_daily_action_and_mission" time="0.085" /><testcase classname="backend.tests.test_weighted_trust_summary.TestTrustHistoryWeightedSummary" name="test_fragile_user_only_has_decay" time="0.088" /><testcase classname="backend.tests.test_weighted_trust_summary.TestTrustHistoryWeightedSummary" name="test_restricted_user_has_negative_trust" time="0.116" /><testcase classname="backend.tests.test_weighted_trust_summary.TestTrustHistoryWeightedSummary" name="test_all_users_have_required_fields" time="0.408" /><testcase classname="backend.tests.test_weighted_trust_summary.TestTrustHistoryWeightedSummary" name="test_ledger_entries_have_correct_structure" time="0.099" /><testcase classname="backend.tests.test_weighted_trust_summary.TestRegression" name="test_auth_login_endpoint" time="0.476" /><testcase classname="backend.tests.test_weighted_trust_summary.TestRegression" name="test_profile_record_endpoint" time="3.482" /><testcase classname="backend.tests.test_weighted_trust_summary.TestRegression" name="test_user_trust_history_endpoint" time="0.144" /></testsuite></testsuites>