<?xml version="1.0" encoding="utf-8"?><testsuites name="pytest tests"><testsuite name="pytest" errors="0" failures="0" skipped="0" tests="28" time="12.954" timestamp="2026-03-12T09:20:07.172884+00:00" hostname="agent-env-3f023004-4e17-4b7e-bf95-b89fc97d7417"><testcase classname="backend.tests.test_new_features_iteration44.TestAdminAnalytics" name="test_admin_analytics_returns_success" time="0.601" /><testcase classname="backend.tests.test_new_features_iteration44.TestAdminAnalytics" name="test_admin_analytics_has_dau_array" time="0.585" /><testcase classname="backend.tests.test_new_features_iteration44.TestAdminAnalytics" name="test_admin_analytics_dau_fields" time="0.535" /><testcase classname="backend.tests.test_new_features_iteration44.TestAdminAnalytics" name="test_admin_analytics_has_retention" time="0.425" /><testcase classname="backend.tests.test_new_features_iteration44.TestAdminAnalytics" name="test_admin_analytics_has_totals" time="0.418" /><testcase classname="backend.tests.test_new_features_iteration44.TestAdminAnalytics" name="test_admin_analytics_has_generated_at" time="0.463" /><testcase classname="backend.tests.test_new_features_iteration44.TestAdminFeedback" name="test_admin_feedback_returns_success" time="0.407" /><testcase classname="backend.tests.test_new_features_iteration44.TestAdminFeedback" name="test_admin_feedback_returns_array" time="0.422" /><testcase classname="backend.tests.test_new_features_iteration44.TestAdminFeedback" name="test_admin_feedback_item_fields" time="0.404" /><testcase classname="backend.tests.test_new_features_iteration44.TestFeedbackSubmission" name="test_submit_feedback_success" time="0.479" /><testcase classname="backend.tests.test_new_features_iteration44.TestFeedbackSubmission" name="test_submit_feedback_confusion_type" time="0.401" /><testcase classname="backend.tests.test_new_features_iteration44.TestFeedbackSubmission" name="test_submit_feedback_bug_type" time="0.483" /><testcase classname="backend.tests.test_new_features_iteration44.TestOnboardingFirstAction" name="test_onboarding_first_action_success" time="0.445" /><testcase classname="backend.tests.test_new_features_iteration44.TestOnboardingFirstAction" name="test_onboarding_direction_recovery" time="0.456" /><testcase classname="backend.tests.test_new_features_iteration44.TestOnboardingFirstAction" name="test_onboarding_direction_order" time="0.410" /><testcase classname="backend.tests.test_new_features_iteration44.TestOnboardingFirstAction" name="test_onboarding_direction_exploration" time="0.450" /><testcase classname="backend.tests.test_new_features_iteration44.TestRegressionTabNavigation" name="test_daily_opening_still_works" time="0.453" /><testcase classname="backend.tests.test_new_features_iteration44.TestRegressionTabNavigation" name="test_field_dashboard_still_works" time="0.452" /><testcase classname="backend.tests.test_new_features_iteration44.TestRegressionTabNavigation" name="test_feed_still_works" time="0.458" /><testcase classname="backend.tests.test_new_features_iteration44.TestRegressionTabNavigation" name="test_value_circles_still_works" time="0.413" /><testcase classname="backend.tests.test_new_features_iteration44.TestRegressionTabNavigation" name="test_leaders_still_works" time="0.446" /><testcase classname="backend.tests.test_new_features_iteration44.TestRegressionTabNavigation" name="test_missions_still_works" time="0.464" /><testcase classname="backend.tests.test_new_features_iteration44.TestRegressionCircleDetailView" name="test_circle_detail_builders_of_order" time="0.466" /><testcase classname="backend.tests.test_new_features_iteration44.TestRegressionCircleDetailView" name="test_join_circle_still_works" time="0.461" /><testcase classname="backend.tests.test_new_features_iteration44.TestRegressionCircleDetailView" name="test_leave_circle_still_works" time="0.409" /><testcase classname="backend.tests.test_new_features_iteration44.TestRegressionGlobeEndpoints" name="test_globe_activity_endpoint" time="0.589" /><testcase classname="backend.tests.test_new_features_iteration44.TestRegressionGlobeEndpoints" name="test_field_today_endpoint" time="0.438" /><testcase classname="backend.tests.test_new_features_iteration44.TestRegressionGlobeEndpoints" name="test_directions_endpoint" time="0.457" /></testsuite></testsuites>