<?xml version="1.0" encoding="utf-8"?><testsuites name="pytest tests"><testsuite name="pytest" errors="0" failures="0" skipped="0" tests="15" time="1.901" timestamp="2026-03-12T18:12:21.460301+00:00" hostname="agent-env-57c1e287-f2cc-4b9e-9ade-8bd1084facfd"><testcase classname="backend.tests.test_profile_page_redesign.TestProfileRecordEndpoint" name="test_profile_record_returns_success" time="0.274" /><testcase classname="backend.tests.test_profile_page_redesign.TestProfileRecordEndpoint" name="test_profile_record_identity_section" time="0.127" /><testcase classname="backend.tests.test_profile_page_redesign.TestProfileRecordEndpoint" name="test_profile_record_direction_badge" time="0.108" /><testcase classname="backend.tests.test_profile_page_redesign.TestProfileRecordEndpoint" name="test_profile_record_invited_by_field" time="0.093" /><testcase classname="backend.tests.test_profile_page_redesign.TestProfileRecordEndpoint" name="test_profile_record_value_growth_stats" time="0.090" /><testcase classname="backend.tests.test_profile_page_redesign.TestProfileRecordEndpoint" name="test_profile_record_field_contribution_present" time="0.106" /><testcase classname="backend.tests.test_profile_page_redesign.TestProfileRecordEndpoint" name="test_profile_record_direction_distribution" time="0.134" /><testcase classname="backend.tests.test_profile_page_redesign.TestProfileRecordEndpoint" name="test_profile_record_opposition_axes" time="0.105" /><testcase classname="backend.tests.test_profile_page_redesign.TestProfileRecordEndpoint" name="test_profile_record_influence_chain" time="0.097" /><testcase classname="backend.tests.test_profile_page_redesign.TestProfileRecordEndpoint" name="test_profile_record_action_record" time="0.096" /><testcase classname="backend.tests.test_profile_page_redesign.TestProfileRecordEndpoint" name="test_profile_record_user_without_inviter" time="0.097" /><testcase classname="backend.tests.test_profile_page_redesign.TestProfileRecordEndpoint" name="test_profile_record_nonexistent_user" time="0.091" /><testcase classname="backend.tests.test_profile_page_redesign.TestProfileShareData" name="test_share_card_has_stats_data" time="0.112" /><testcase classname="backend.tests.test_profile_page_redesign.TestProfileShareData" name="test_share_card_has_axes_data" time="0.075" /><testcase classname="backend.tests.test_profile_page_redesign.TestProfileShareData" name="test_share_card_has_influence_data" time="0.128" /></testsuite></testsuites>