<?xml version="1.0" encoding="utf-8"?><testsuites name="pytest tests"><testsuite name="pytest" errors="0" failures="0" skipped="0" tests="7" time="0.869" timestamp="2026-03-11T10:09:05.960404+00:00" hostname="agent-env-9f59a014-8ddc-4161-892e-fc3ae30e03f4"><testcase classname="tests.test_referral_leaderboard.TestReferralLeaderboard" name="test_leaderboard_endpoint_returns_200" time="0.167" /><testcase classname="tests.test_referral_leaderboard.TestReferralLeaderboard" name="test_leaderboard_response_structure" time="0.094" /><testcase classname="tests.test_referral_leaderboard.TestReferralLeaderboard" name="test_leaderboard_entry_fields" time="0.094" /><testcase classname="tests.test_referral_leaderboard.TestReferralLeaderboard" name="test_leaderboard_sorted_by_invites_desc" time="0.085" /><testcase classname="tests.test_referral_leaderboard.TestReferralLeaderboard" name="test_leaderboard_max_10_entries" time="0.096" /><testcase classname="tests.test_referral_leaderboard.TestReferralLeaderboard" name="test_leaderboard_ranks_sequential" time="0.122" /><testcase classname="tests.test_referral_leaderboard.TestReferralLeaderboard" name="test_leaderboard_has_real_data" time="0.109" /></testsuite></testsuites>