<?xml version="1.0" encoding="utf-8"?><testsuites name="pytest tests"><testsuite name="pytest" errors="0" failures="0" skipped="0" tests="11" time="7.488" timestamp="2026-03-10T19:04:53.982400+00:00" hostname="agent-env-9f59a014-8ddc-4161-892e-fc3ae30e03f4"><testcase classname="backend.tests.test_field_mission.TestMissionToday" name="test_mission_today_returns_success" time="0.455" /><testcase classname="backend.tests.test_field_mission.TestMissionToday" name="test_mission_today_returns_direction" time="0.431" /><testcase classname="backend.tests.test_field_mission.TestMissionToday" name="test_mission_today_returns_mission_he" time="0.449" /><testcase classname="backend.tests.test_field_mission.TestMissionToday" name="test_mission_today_returns_description_he" time="0.404" /><testcase classname="backend.tests.test_field_mission.TestMissionToday" name="test_mission_today_returns_participants" time="0.428" /><testcase classname="backend.tests.test_field_mission.TestMissionToday" name="test_mission_today_returns_target" time="0.452" /><testcase classname="backend.tests.test_field_mission.TestMissionToday" name="test_mission_today_returns_progress_percent" time="0.406" /><testcase classname="backend.tests.test_field_mission.TestDailyAnswerMissionContributed" name="test_daily_answer_returns_mission_contributed" time="0.860" /><testcase classname="backend.tests.test_field_mission.TestDailyAnswerMissionContributed" name="test_mission_contributed_true_when_direction_matches" time="1.366" /><testcase classname="backend.tests.test_field_mission.TestMissionParticipantsIncrement" name="test_participants_increment_on_match" time="1.766" /><testcase classname="backend.tests.test_field_mission.TestMissionResponseStructure" name="test_complete_response_structure" time="0.410" /></testsuite></testsuites>