<?xml version="1.0" encoding="utf-8"?><testsuites name="pytest tests"><testsuite name="pytest" errors="0" failures="0" skipped="0" tests="24" time="11.024" timestamp="2026-03-10T16:39:06.466333+00:00" hostname="agent-env-d025645d-9506-43c4-b042-24ee9cb7136e"><testcase classname="backend.tests.test_decision_path.TestDecisionPathEndpoint" name="test_endpoint_returns_success" time="0.619" /><testcase classname="backend.tests.test_decision_path.TestDecisionPathEndpoint" name="test_endpoint_returns_user_id" time="0.540" /><testcase classname="backend.tests.test_decision_path.TestDecisionPathEndpoint" name="test_response_has_required_fields" time="0.409" /><testcase classname="backend.tests.test_decision_path.TestDecisionPathEndpoint" name="test_response_is_json" time="0.437" /><testcase classname="backend.tests.test_decision_path.TestDecisionPathEndpoint" name="test_new_user_gets_recovery_recommendation" time="0.410" /><testcase classname="backend.tests.test_decision_path.TestDecisionPathEndpoint" name="test_new_user_headline_is_welcome" time="0.428" /><testcase classname="backend.tests.test_decision_path.TestDecisionPathEndpoint" name="test_new_user_has_concrete_action" time="0.401" /><testcase classname="backend.tests.test_decision_path.TestDecisionPathEndpoint" name="test_new_user_has_theory_basis" time="0.432" /><testcase classname="backend.tests.test_decision_path.TestDecisionPathEndpoint" name="test_new_user_has_session_id" time="0.415" /><testcase classname="backend.tests.test_decision_path.TestDecisionPathEndpoint" name="test_existing_user_returns_data" time="0.441" /><testcase classname="backend.tests.test_decision_path.TestDecisionPathEndpoint" name="test_existing_user_current_state_not_new" time="0.421" /><testcase classname="backend.tests.test_decision_path.TestDecisionPathEndpoint" name="test_drift_type_values_are_valid" time="0.425" /><testcase classname="backend.tests.test_decision_path.TestDecisionPathEndpoint" name="test_recommended_direction_values_are_valid" time="0.434" /><testcase classname="backend.tests.test_decision_path.TestDecisionPathEndpoint" name="test_concrete_action_is_hebrew" time="0.413" /><testcase classname="backend.tests.test_decision_path.TestDecisionPathEndpoint" name="test_headline_is_hebrew" time="0.397" /><testcase classname="backend.tests.test_decision_path.TestDecisionPathEndpoint" name="test_recommended_step_is_hebrew" time="0.431" /><testcase classname="backend.tests.test_decision_path.TestDecisionPathEndpoint" name="test_theory_basis_explains_recommendation" time="0.442" /><testcase classname="backend.tests.test_decision_path.TestDecisionPathEndpoint" name="test_theory_basis_is_hebrew" time="0.410" /><testcase classname="backend.tests.test_decision_path.TestDecisionPathEndpoint" name="test_different_sessions_may_get_different_actions" time="0.798" /><testcase classname="backend.tests.test_decision_path.TestDecisionPathDriftDetection" name="test_harm_drift_recommends_recovery" time="0.448" /><testcase classname="backend.tests.test_decision_path.TestDecisionPathDriftDetection" name="test_avoidance_drift_recommends_order" time="0.414" /><testcase classname="backend.tests.test_decision_path.TestDecisionPathDriftDetection" name="test_positive_state_exists" time="0.465" /><testcase classname="backend.tests.test_decision_path.TestDecisionPathHeadlines" name="test_new_user_welcome_headline" time="0.405" /><testcase classname="backend.tests.test_decision_path.TestDecisionPathHeadlines" name="test_positive_state_headline" time="0.509" /></testsuite></testsuites>