<?xml version="1.0" encoding="utf-8"?><testsuites name="pytest tests"><testsuite name="pytest" errors="0" failures="0" skipped="0" tests="11" time="1.847" timestamp="2026-03-17T08:28:51.146041+00:00" hostname="agent-env-3dff392d-9929-460d-bd27-f92d042ed2e6"><testcase classname="backend.tests.test_position_bar.TestPositionBarAPI" name="test_position_endpoint_returns_success" time="0.265" /><testcase classname="backend.tests.test_position_bar.TestPositionBarAPI" name="test_position_returns_required_fields" time="0.121" /><testcase classname="backend.tests.test_position_bar.TestPositionBarAPI" name="test_position_value_is_between_0_and_1" time="0.116" /><testcase classname="backend.tests.test_position_bar.TestPositionBarAPI" name="test_position_label_matches_score_range" time="0.097" /><testcase classname="backend.tests.test_position_bar.TestPositionBarAPI" name="test_factors_add_up_to_position" time="0.116" /><testcase classname="backend.tests.test_position_bar.TestPositionBarAPI" name="test_factor_max_values" time="0.121" /><testcase classname="backend.tests.test_position_bar.TestPositionBarAPI" name="test_position_for_user_with_no_actions" time="0.086" /><testcase classname="backend.tests.test_position_bar.TestPositionBarAPI" name="test_private_actions_do_not_affect_position" time="0.091" /><testcase classname="backend.tests.test_position_bar.TestRegressionAPIs" name="test_feed_api_still_works" time="0.131" /><testcase classname="backend.tests.test_position_bar.TestRegressionAPIs" name="test_trust_api_still_works" time="0.090" /><testcase classname="backend.tests.test_position_bar.TestRegressionAPIs" name="test_post_action_api_still_works" time="0.481" /></testsuite></testsuites>