<?xml version="1.0" encoding="utf-8"?><testsuites name="pytest tests"><testsuite name="pytest" errors="0" failures="0" skipped="0" tests="16" time="1.752" timestamp="2026-03-11T13:47:30.082546+00:00" hostname="agent-env-53c9ac8c-5c1f-42ec-98f7-6028499ca571"><testcase classname="backend.tests.test_refactor_regression.TestDailyOpeningEndpoint" name="test_daily_opening_returns_200" time="0.142" /><testcase classname="backend.tests.test_refactor_regression.TestDailyOpeningEndpoint" name="test_daily_opening_has_success" time="0.096" /><testcase classname="backend.tests.test_refactor_regression.TestDailyOpeningEndpoint" name="test_daily_opening_has_compass_state" time="0.085" /><testcase classname="backend.tests.test_refactor_regression.TestDailyOpeningEndpoint" name="test_daily_opening_has_suggested_direction" time="0.086" /><testcase classname="backend.tests.test_refactor_regression.TestDaySummaryEndpoint" name="test_day_summary_returns_200" time="0.165" /><testcase classname="backend.tests.test_refactor_regression.TestDaySummaryEndpoint" name="test_day_summary_has_success" time="0.110" /><testcase classname="backend.tests.test_refactor_regression.TestDaySummaryEndpoint" name="test_day_summary_has_direction_counts" time="0.090" /><testcase classname="backend.tests.test_refactor_regression.TestDaySummaryEndpoint" name="test_day_summary_has_reflection" time="0.078" /><testcase classname="backend.tests.test_refactor_regression.TestGlobeActivityEndpoint" name="test_globe_activity_returns_200" time="0.132" /><testcase classname="backend.tests.test_refactor_regression.TestGlobeActivityEndpoint" name="test_globe_activity_has_success" time="0.131" /><testcase classname="backend.tests.test_refactor_regression.TestGlobeActivityEndpoint" name="test_globe_activity_has_points" time="0.089" /><testcase classname="backend.tests.test_refactor_regression.TestGlobeActivityEndpoint" name="test_globe_activity_points_have_required_fields" time="0.107" /><testcase classname="backend.tests.test_refactor_regression.TestDirectionsEndpoint" name="test_directions_returns_200" time="0.108" /><testcase classname="backend.tests.test_refactor_regression.TestDirectionsEndpoint" name="test_directions_has_success" time="0.100" /><testcase classname="backend.tests.test_refactor_regression.TestDirectionsEndpoint" name="test_directions_has_4_directions" time="0.085" /><testcase classname="backend.tests.test_refactor_regression.TestDirectionsEndpoint" name="test_direction_has_hebrew_content" time="0.083" /></testsuite></testsuites>