<?xml version="1.0" encoding="utf-8"?><testsuites name="pytest tests"><testsuite name="pytest" errors="0" failures="0" skipped="0" tests="18" time="8.949" timestamp="2026-03-13T23:17:48.642110+00:00" hostname="agent-env-7e74c075-865c-440d-b03e-9693c47ddea2"><testcase classname="backend.tests.test_launch_readiness.TestBackendHealth" name="test_root_endpoint" time="0.558" /><testcase classname="backend.tests.test_launch_readiness.TestAuthEnglishMessages" name="test_login_success_english" time="0.681" /><testcase classname="backend.tests.test_launch_readiness.TestAuthEnglishMessages" name="test_login_wrong_password_english" time="0.748" /><testcase classname="backend.tests.test_launch_readiness.TestAuthEnglishMessages" name="test_login_wrong_email_english" time="0.432" /><testcase classname="backend.tests.test_launch_readiness.TestAuthEnglishMessages" name="test_register_duplicate_email_english" time="0.413" /><testcase classname="backend.tests.test_launch_readiness.TestAuthEnglishMessages" name="test_register_invalid_invite_english" time="0.420" /><testcase classname="backend.tests.test_launch_readiness.TestAuthEnglishMessages" name="test_logout_english" time="0.419" /><testcase classname="backend.tests.test_launch_readiness.TestAnalyticsTracking" name="test_track_event_with_event_field" time="0.409" /><testcase classname="backend.tests.test_launch_readiness.TestAnalyticsTracking" name="test_track_event_landing_view" time="0.429" /><testcase classname="backend.tests.test_launch_readiness.TestAnalyticsTracking" name="test_track_event_start_clicked" time="0.408" /><testcase classname="backend.tests.test_launch_readiness.TestAnalyticsTracking" name="test_funnel_endpoint" time="0.410" /><testcase classname="backend.tests.test_launch_readiness.TestOrientationEndpointsEnglish" name="test_identity_endpoint_english" time="0.452" /><testcase classname="backend.tests.test_launch_readiness.TestOrientationEndpointsEnglish" name="test_weekly_insight_english" time="0.419" /><testcase classname="backend.tests.test_launch_readiness.TestOrientationEndpointsEnglish" name="test_field_today_english" time="0.419" /><testcase classname="backend.tests.test_launch_readiness.TestInviteSystem" name="test_get_my_invites" time="1.046" /><testcase classname="backend.tests.test_launch_readiness.TestInviteSystem" name="test_invite_lookup_nonexistent" time="0.407" /><testcase classname="backend.tests.test_launch_readiness.TestOnboardingEndpoint" name="test_first_action_english" time="0.413" /><testcase classname="backend.tests.test_launch_readiness.TestFeedbackEndpoint" name="test_feedback_submission_english" time="0.407" /></testsuite></testsuites>