<?xml version="1.0" encoding="utf-8"?><testsuites name="pytest tests"><testsuite name="pytest" errors="0" failures="0" skipped="0" tests="21" time="12.611" timestamp="2026-03-10T16:50:18.352201+00:00" hostname="agent-env-d025645d-9506-43c4-b042-24ee9cb7136e"><testcase classname="backend.tests.test_orientation_identity.TestOrientationIdentityEndpoint" name="test_endpoint_returns_success_for_new_user" time="0.463" /><testcase classname="backend.tests.test_orientation_identity.TestOrientationIdentityEndpoint" name="test_new_user_identity_type" time="0.565" /><testcase classname="backend.tests.test_orientation_identity.TestOrientationIdentityEndpoint" name="test_new_user_label_hebrew" time="0.428" /><testcase classname="backend.tests.test_orientation_identity.TestOrientationIdentityEndpoint" name="test_new_user_not_warning_state" time="0.417" /><testcase classname="backend.tests.test_orientation_identity.TestOrientationIdentityEndpoint" name="test_response_has_required_fields" time="0.421" /><testcase classname="backend.tests.test_orientation_identity.TestOrientationIdentityEndpoint" name="test_response_has_computation_fields" time="0.405" /><testcase classname="backend.tests.test_orientation_identity.TestOrientationIdentityEndpoint" name="test_response_has_context_fields" time="0.399" /><testcase classname="backend.tests.test_orientation_identity.TestOrientationIdentityEndpoint" name="test_identity_description_is_hebrew" time="0.444" /><testcase classname="backend.tests.test_orientation_identity.TestOrientationIdentityEndpoint" name="test_insight_is_hebrew" time="0.436" /><testcase classname="backend.tests.test_orientation_identity.TestOrientationIdentityEndpoint" name="test_valid_identity_types" time="0.426" /><testcase classname="backend.tests.test_orientation_identity.TestOrientationIdentityEndpoint" name="test_valid_momentum_values" time="0.416" /><testcase classname="backend.tests.test_orientation_identity.TestOrientationIdentityEndpoint" name="test_user_with_session_data" time="0.785" /><testcase classname="backend.tests.test_orientation_identity.TestAvoidanceLoopWarningState" name="test_avoidance_loop_triggers_warning" time="0.872" /><testcase classname="backend.tests.test_orientation_identity.TestAvoidanceLoopWarningState" name="test_avoidance_loop_label_hebrew" time="0.806" /><testcase classname="backend.tests.test_orientation_identity.TestIdentityTypes" name="test_recovery_dominant_identity" time="0.810" /><testcase classname="backend.tests.test_orientation_identity.TestIdentityTypes" name="test_order_builder_identity" time="0.816" /><testcase classname="backend.tests.test_orientation_identity.TestIdentityTypes" name="test_contribution_oriented_identity" time="0.779" /><testcase classname="backend.tests.test_orientation_identity.TestSnapshotPersistence" name="test_identity_call_returns_success" time="0.812" /><testcase classname="backend.tests.test_orientation_identity.TestDirectionCounts" name="test_direction_counts_structure" time="0.805" /><testcase classname="backend.tests.test_orientation_identity.TestDirectionCounts" name="test_direction_counts_values_non_negative" time="0.448" /><testcase classname="backend.tests.test_orientation_identity.TestMomentumBadge" name="test_momentum_values_valid" time="0.784" /></testsuite></testsuites>