<?xml version="1.0" encoding="utf-8"?><testsuites name="pytest tests"><testsuite name="pytest" errors="0" failures="1" skipped="0" tests="14" time="10.285" timestamp="2026-03-13T22:38:39.554801+00:00" hostname="agent-env-7e74c075-865c-440d-b03e-9693c47ddea2"><testcase classname="backend.tests.test_english_translation.TestAuthEnglishMessages" name="test_register_duplicate_email_english" time="0.597" /><testcase classname="backend.tests.test_english_translation.TestAuthEnglishMessages" name="test_login_success_message_english" time="0.668" /><testcase classname="backend.tests.test_english_translation.TestAuthEnglishMessages" name="test_login_error_message_english" time="0.644" /><testcase classname="backend.tests.test_english_translation.TestAuthEnglishMessages" name="test_logout_message_english" time="0.419" /><testcase classname="backend.tests.test_english_translation.TestOnboardingEnglish" name="test_onboarding_first_action_english" time="0.442" /><testcase classname="backend.tests.test_english_translation.TestDecisionPathEnglish" name="test_decision_path_english_headlines" time="1.193" /><testcase classname="backend.tests.test_english_translation.TestIdentityEnglish" name="test_identity_english_labels" time="1.051" /><testcase classname="backend.tests.test_english_translation.TestFieldTodayEnglish" name="test_field_today_insight_english" time="0.661" /><testcase classname="backend.tests.test_english_translation.TestWeeklyInsightEnglish" name="test_weekly_insight_english" time="1.049" /><testcase classname="backend.tests.test_english_translation.TestComparisonEnglish" name="test_comparison_insight_english" time="1.056" /><testcase classname="backend.tests.test_english_translation.TestFeedbackEnglish" name="test_feedback_success_message_english" time="0.418" /><testcase classname="backend.tests.test_english_translation.TestOrientationFieldEnglish" name="test_orientation_field_insights_english" time="0.457" /><testcase classname="backend.tests.test_english_translation.TestDailyQuestionEnglish" name="test_daily_question_english" time="1.061"><failure message="AssertionError: Hebrew found in daily question: [{'path': 'question_he', 'text': 'שלח מילה טובה למישהו שלא ציפה לזה.'}]&#10;assert 1 == 0&#10; +  where 1 = len([{'path': 'question_he', 'text': 'שלח מילה טובה למישהו שלא ציפה לזה.'}])">backend/tests/test_english_translation.py:317: in test_daily_question_english
    assert len(hebrew_found) == 0, f"Hebrew found in daily question: {hebrew_found}"
E   AssertionError: Hebrew found in daily question: [{'path': 'question_he', 'text': 'שלח מילה טובה למישהו שלא ציפה לזה.'}]
E   assert 1 == 0
E    +  where 1 = len([{'path': 'question_he', 'text': 'שלח מילה טובה למישהו שלא ציפה לזה.'}])</failure></testcase><testcase classname="backend.tests.test_english_translation.TestNoHebrewInResponses" name="test_no_hebrew_unicode_in_auth_responses" time="0.406" /></testsuite></testsuites>