<?xml version="1.0" encoding="utf-8"?><testsuites name="pytest tests"><testsuite name="pytest" errors="0" failures="0" skipped="0" tests="9" time="1.319" timestamp="2026-03-11T09:26:16.478942+00:00" hostname="agent-env-9f59a014-8ddc-4161-892e-fc3ae30e03f4"><testcase classname="backend.tests.test_growth_infrastructure.TestMetricsDashboard" name="test_metrics_today_endpoint" time="0.171" /><testcase classname="backend.tests.test_growth_infrastructure.TestOrientationFeed" name="test_feed_endpoint" time="0.085" /><testcase classname="backend.tests.test_growth_infrastructure.TestInviteSystem" name="test_create_invite" time="0.089" /><testcase classname="backend.tests.test_growth_infrastructure.TestInviteSystem" name="test_validate_invite" time="0.172" /><testcase classname="backend.tests.test_growth_infrastructure.TestInviteSystem" name="test_validate_invalid_invite" time="0.113" /><testcase classname="backend.tests.test_growth_infrastructure.TestInviteSystem" name="test_accept_invite" time="0.088" /><testcase classname="backend.tests.test_growth_infrastructure.TestWeeklyReport" name="test_weekly_report_endpoint" time="0.080" /><testcase classname="backend.tests.test_growth_infrastructure.TestWeeklyReport" name="test_weekly_report_new_user" time="0.094" /><testcase classname="backend.tests.test_growth_infrastructure.TestCreateAndAcceptInviteFlow" name="test_full_invite_flow" time="0.280" /></testsuite></testsuites>