<?xml version="1.0" encoding="utf-8"?><testsuites name="pytest tests"><testsuite name="pytest" errors="0" failures="0" skipped="0" tests="10" time="4.420" timestamp="2026-03-17T10:49:41.586839+00:00" hostname="agent-env-7b217971-bf3f-4d12-b1db-fcd63a5a8cf8"><testcase classname="backend.tests.test_recovery_progress_indicator.TestRecoveryProgressAPIStructure" name="test_position_endpoint_returns_recovery_progress_for_at_risk_user" time="0.564" /><testcase classname="backend.tests.test_recovery_progress_indicator.TestRecoveryProgressAPIStructure" name="test_recovery_progress_has_required_fields" time="0.528" /><testcase classname="backend.tests.test_recovery_progress_indicator.TestRecoveryProgressAPIStructure" name="test_recovery_progress_field_types" time="0.424" /><testcase classname="backend.tests.test_recovery_progress_indicator.TestRecoveryProgressAtRiskWithRiskSignals" name="test_at_risk_risk_signals_target_is_decaying" time="0.450" /><testcase classname="backend.tests.test_recovery_progress_indicator.TestRecoveryProgressAtRiskWithRiskSignals" name="test_at_risk_risk_signals_with_actions_met_message" time="0.390" /><testcase classname="backend.tests.test_recovery_progress_indicator.TestRecoveryProgressAtRiskWithRiskSignals" name="test_second_at_risk_user" time="0.404" /><testcase classname="backend.tests.test_recovery_progress_indicator.TestRecoveryProgressNullForRisingStable" name="test_recovery_progress_null_concept" time="0.409" /><testcase classname="backend.tests.test_recovery_progress_indicator.TestConsequencePanelRegression" name="test_consequence_panel_still_returns" time="0.393" /><testcase classname="backend.tests.test_recovery_progress_indicator.TestConsequencePanelRegression" name="test_position_bar_data_still_returns" time="0.394" /><testcase classname="backend.tests.test_recovery_progress_indicator.TestFeedRegression" name="test_feed_still_loads" time="0.397" /></testsuite></testsuites>