<?xml version="1.0" encoding="utf-8"?><testsuites name="pytest tests"><testsuite name="pytest" errors="0" failures="0" skipped="1" tests="22" time="68.107" timestamp="2026-03-13T12:26:55.185762+00:00" hostname="agent-env-46b3c243-c5f5-428a-86a8-368a38cd1ad1"><testcase classname="backend.tests.test_trust_aware_ai_interpretation.TestAIInterpretationBasics" name="test_profile_endpoint_returns_200" time="3.426" /><testcase classname="backend.tests.test_trust_aware_ai_interpretation.TestAIInterpretationBasics" name="test_ai_interpretation_present" time="3.599" /><testcase classname="backend.tests.test_trust_aware_ai_interpretation.TestAIInterpretationBasics" name="test_ai_interpretation_is_non_empty_string" time="3.240" /><testcase classname="backend.tests.test_trust_aware_ai_interpretation.TestAIInterpretationBasics" name="test_ai_interpretation_is_hebrew" time="3.765" /><testcase classname="backend.tests.test_trust_aware_ai_interpretation.TestAIInterpretationBasics" name="test_ai_interpretation_is_one_sentence" time="3.497" /><testcase classname="backend.tests.test_trust_aware_ai_interpretation.TestFieldTrustInResponse" name="test_field_trust_present" time="3.401" /><testcase classname="backend.tests.test_trust_aware_ai_interpretation.TestFieldTrustInResponse" name="test_field_trust_values_numeric" time="3.096" /><testcase classname="backend.tests.test_trust_aware_ai_interpretation.TestStableTrustUser" name="test_stable_user_profile_loads" time="3.167" /><testcase classname="backend.tests.test_trust_aware_ai_interpretation.TestStableTrustUser" name="test_stable_user_has_high_trust" time="2.977" /><testcase classname="backend.tests.test_trust_aware_ai_interpretation.TestStableTrustUser" name="test_stable_user_ai_interpretation_meaningful" time="3.809" /><testcase classname="backend.tests.test_trust_aware_ai_interpretation.TestBuildingTrustUser" name="test_building_user_profile_loads" time="3.480" /><testcase classname="backend.tests.test_trust_aware_ai_interpretation.TestBuildingTrustUser" name="test_building_user_has_moderate_trust" time="2.938" /><testcase classname="backend.tests.test_trust_aware_ai_interpretation.TestBuildingTrustUser" name="test_building_user_ai_interpretation_meaningful" time="3.563" /><testcase classname="backend.tests.test_trust_aware_ai_interpretation.TestFragileTrustUser" name="test_fragile_user_profile_loads" time="3.664" /><testcase classname="backend.tests.test_trust_aware_ai_interpretation.TestFragileTrustUser" name="test_fragile_user_has_low_trust" time="3.061" /><testcase classname="backend.tests.test_trust_aware_ai_interpretation.TestFragileTrustUser" name="test_fragile_user_ai_interpretation_not_punitive" time="3.595" /><testcase classname="backend.tests.test_trust_aware_ai_interpretation.TestFragileTrustUser" name="test_fragile_user_ai_interpretation_hebrew_sentence" time="3.915" /><testcase classname="backend.tests.test_trust_aware_ai_interpretation.TestExistingEndpoints" name="test_login_endpoint_works" time="0.357" /><testcase classname="backend.tests.test_trust_aware_ai_interpretation.TestExistingEndpoints" name="test_field_dashboard_endpoint_works" time="4.369" /><testcase classname="backend.tests.test_trust_aware_ai_interpretation.TestExistingEndpoints" name="test_field_dashboard_has_ai_interpretation" time="4.515" /><testcase classname="backend.tests.test_trust_aware_ai_interpretation.TestExistingEndpoints" name="test_trust_endpoint_works" time="0.215" /><testcase classname="backend.tests.test_trust_aware_ai_interpretation.TestExistingEndpoints" name="test_actions_endpoint_works" time="0.312"><skipped type="pytest.skip" message="No token returned, skipping actions test">/app/backend/tests/test_trust_aware_ai_interpretation.py:324: No token returned, skipping actions test</skipped></testcase></testsuite></testsuites>