<?xml version="1.0" encoding="utf-8"?><testsuites name="pytest tests"><testsuite name="pytest" errors="0" failures="0" skipped="0" tests="17" time="8.984" timestamp="2026-03-13T13:49:04.006582+00:00" hostname="agent-env-46b3c243-c5f5-428a-86a8-368a38cd1ad1"><testcase classname="backend.tests.test_trust_ledger_history.TestTrustLedgerBackend" name="test_trust_history_endpoint_exists" time="0.130" /><testcase classname="backend.tests.test_trust_ledger_history.TestTrustLedgerBackend" name="test_trust_history_response_structure" time="0.093" /><testcase classname="backend.tests.test_trust_ledger_history.TestTrustLedgerBackend" name="test_trust_history_ledger_entry_fields" time="0.095" /><testcase classname="backend.tests.test_trust_ledger_history.TestTrustLedgerBackend" name="test_trust_history_summary_by_source" time="0.106" /><testcase classname="backend.tests.test_trust_ledger_history.TestTrustLedgerBackend" name="test_trust_history_summary_by_action_type" time="0.092" /><testcase classname="backend.tests.test_trust_ledger_history.TestTrustLedgerBackend" name="test_trust_history_limit_parameter" time="0.177" /><testcase classname="backend.tests.test_trust_ledger_history.TestTrustLedgerBackend" name="test_trust_history_limit_min_1" time="0.088" /><testcase classname="backend.tests.test_trust_ledger_history.TestTrustLedgerBackend" name="test_trust_history_limit_max_500" time="0.091" /><testcase classname="backend.tests.test_trust_ledger_history.TestTrustLedgerBackend" name="test_trust_history_404_nonexistent_user" time="0.087" /><testcase classname="backend.tests.test_trust_ledger_history.TestTrustLedgerBackend" name="test_manual_action_creates_ledger_entry" time="0.592" /><testcase classname="backend.tests.test_trust_ledger_history.TestTrustLedgerBackend" name="test_risk_signal_creates_ledger_entry" time="0.283" /><testcase classname="backend.tests.test_trust_ledger_history.TestTrustLedgerBackend" name="test_globe_point_creates_ledger_entry" time="0.272" /><testcase classname="backend.tests.test_trust_ledger_history.TestTrustLedgerBackend" name="test_auth_login_still_works" time="0.323" /><testcase classname="backend.tests.test_trust_ledger_history.TestTrustLedgerBackend" name="test_trust_profile_endpoint_still_works" time="0.090" /><testcase classname="backend.tests.test_trust_ledger_history.TestTrustLedgerBackend" name="test_field_dashboard_still_works" time="3.410" /><testcase classname="backend.tests.test_trust_ledger_history.TestTrustLedgerBackend" name="test_profile_record_still_works" time="2.874" /><testcase classname="backend.tests.test_trust_ledger_history.TestTrustLedgerBackend" name="test_ledger_source_flows_are_valid" time="0.095" /></testsuite></testsuites>