<?xml version="1.0" encoding="utf-8"?><testsuites name="pytest tests"><testsuite name="pytest" errors="0" failures="0" skipped="0" tests="31" time="13.380" timestamp="2026-03-12T08:35:33.592483+00:00" hostname="agent-env-3f023004-4e17-4b7e-bf95-b89fc97d7417"><testcase classname="backend.tests.test_social_field_expansion.TestFieldDashboard" name="test_field_dashboard_returns_success" time="0.577" /><testcase classname="backend.tests.test_social_field_expansion.TestFieldDashboard" name="test_field_dashboard_has_dominant_direction" time="0.512" /><testcase classname="backend.tests.test_social_field_expansion.TestFieldDashboard" name="test_field_dashboard_has_total_actions" time="0.414" /><testcase classname="backend.tests.test_social_field_expansion.TestFieldDashboard" name="test_field_dashboard_has_active_regions" time="0.415" /><testcase classname="backend.tests.test_social_field_expansion.TestFieldDashboard" name="test_field_dashboard_has_direction_counts" time="0.416" /><testcase classname="backend.tests.test_social_field_expansion.TestFieldDashboard" name="test_field_dashboard_has_top_regions" time="0.397" /><testcase classname="backend.tests.test_social_field_expansion.TestMissions" name="test_missions_returns_success" time="0.415" /><testcase classname="backend.tests.test_social_field_expansion.TestMissions" name="test_missions_has_missions_array" time="0.401" /><testcase classname="backend.tests.test_social_field_expansion.TestMissions" name="test_mission_has_required_fields" time="0.549" /><testcase classname="backend.tests.test_social_field_expansion.TestMissions" name="test_mission_has_today_mission" time="0.426" /><testcase classname="backend.tests.test_social_field_expansion.TestMissionsJoin" name="test_join_mission_returns_success" time="0.401" /><testcase classname="backend.tests.test_social_field_expansion.TestValueCircles" name="test_value_circles_returns_success" time="0.420" /><testcase classname="backend.tests.test_social_field_expansion.TestValueCircles" name="test_value_circles_has_circles_array" time="0.414" /><testcase classname="backend.tests.test_social_field_expansion.TestValueCircles" name="test_circle_has_required_fields" time="0.428" /><testcase classname="backend.tests.test_social_field_expansion.TestValueCircles" name="test_has_six_circles" time="0.406" /><testcase classname="backend.tests.test_social_field_expansion.TestValueCirclesJoin" name="test_join_circle_returns_success" time="0.415" /><testcase classname="backend.tests.test_social_field_expansion.TestLeaders" name="test_leaders_returns_success" time="0.450" /><testcase classname="backend.tests.test_social_field_expansion.TestLeaders" name="test_leaders_has_global_leaders" time="0.427" /><testcase classname="backend.tests.test_social_field_expansion.TestLeaders" name="test_leader_has_required_fields" time="0.391" /><testcase classname="backend.tests.test_social_field_expansion.TestLeaders" name="test_leaders_sorted_by_rank" time="0.423" /><testcase classname="backend.tests.test_social_field_expansion.TestCompassAI" name="test_compass_ai_returns_success" time="0.409" /><testcase classname="backend.tests.test_social_field_expansion.TestCompassAI" name="test_compass_ai_has_user_id" time="0.425" /><testcase classname="backend.tests.test_social_field_expansion.TestCompassAI" name="test_compass_ai_has_suggestion" time="0.415" /><testcase classname="backend.tests.test_social_field_expansion.TestCompassAI" name="test_compass_ai_has_balance_score" time="0.403" /><testcase classname="backend.tests.test_social_field_expansion.TestFeedForYou" name="test_feed_returns_success" time="0.437" /><testcase classname="backend.tests.test_social_field_expansion.TestFeedForYou" name="test_feed_has_cards_array" time="0.397" /><testcase classname="backend.tests.test_social_field_expansion.TestFeedForYou" name="test_feed_has_multiple_card_types" time="0.416" /><testcase classname="backend.tests.test_social_field_expansion.TestFeedForYou" name="test_feed_action_card_has_required_fields" time="0.427" /><testcase classname="backend.tests.test_social_field_expansion.TestHomeTabRegression" name="test_daily_opening_still_works" time="0.415" /><testcase classname="backend.tests.test_social_field_expansion.TestHomeTabRegression" name="test_day_summary_still_works" time="0.416" /><testcase classname="backend.tests.test_social_field_expansion.TestHomeTabRegression" name="test_directions_still_works" time="0.389" /></testsuite></testsuites>