<?xml version="1.0" encoding="utf-8"?><testsuites name="pytest tests"><testsuite name="pytest" errors="0" failures="0" skipped="0" tests="19" time="8.258" timestamp="2026-03-17T10:27:17.332890+00:00" hostname="agent-env-7b217971-bf3f-4d12-b1db-fcd63a5a8cf8"><testcase classname="tests.test_consequence_transparency_panel.TestConsequencePanelAPI" name="test_position_endpoint_returns_consequence_panel" time="0.589" /><testcase classname="tests.test_consequence_transparency_panel.TestConsequencePanelAPI" name="test_consequence_panel_has_meaning_field" time="0.430" /><testcase classname="tests.test_consequence_transparency_panel.TestConsequencePanelAPI" name="test_consequence_panel_has_next_step_field" time="0.403" /><testcase classname="tests.test_consequence_transparency_panel.TestConsequencePanelAPI" name="test_at_risk_with_risk_signals_meaning" time="0.432" /><testcase classname="tests.test_consequence_transparency_panel.TestConsequencePanelAPI" name="test_at_risk_with_risk_signals_next_step" time="0.517" /><testcase classname="tests.test_consequence_transparency_panel.TestConsequencePanelAPI" name="test_rising_status_meaning_mentions_visibility_boost" time="0.424" /><testcase classname="tests.test_consequence_transparency_panel.TestConsequencePanelAPI" name="test_consequence_multiplier_alignment" time="0.439" /><testcase classname="tests.test_consequence_transparency_panel.TestConsequencePanelAPI" name="test_at_risk_user_2_consequence_panel" time="0.401" /><testcase classname="tests.test_consequence_transparency_panel.TestConsequencePanelAPI" name="test_at_risk_inactivity_meaning_differs_from_risk_signals" time="0.403" /><testcase classname="tests.test_consequence_transparency_panel.TestConsequencePanelAPI" name="test_multiplier_format_in_api_response" time="0.421" /><testcase classname="tests.test_consequence_transparency_panel.TestConsequencePanelAPI" name="test_consequence_panel_structure_complete" time="0.404" /><testcase classname="tests.test_consequence_transparency_panel.TestConsequencePanelStatusVariations" name="test_status_meta_in_response" time="0.430" /><testcase classname="tests.test_consequence_transparency_panel.TestConsequencePanelStatusVariations" name="test_at_risk_status_color_is_red" time="0.457" /><testcase classname="tests.test_consequence_transparency_panel.TestConsequencePanelStatusVariations" name="test_at_risk_status_icon_is_warning" time="0.407" /><testcase classname="tests.test_consequence_transparency_panel.TestConsequencePanelStatusVariations" name="test_rising_multiplier_greater_than_1" time="0.394" /><testcase classname="tests.test_consequence_transparency_panel.TestConsequencePanelStatusVariations" name="test_consequence_panel_returns_for_new_user" time="0.419" /><testcase classname="tests.test_consequence_transparency_panel.TestRegressionFromIteration95" name="test_feed_loads_with_rank_score" time="0.405" /><testcase classname="tests.test_consequence_transparency_panel.TestRegressionFromIteration95" name="test_position_returns_all_expected_fields" time="0.403" /><testcase classname="tests.test_consequence_transparency_panel.TestRegressionFromIteration95" name="test_orientation_endpoint_works" time="0.397" /></testsuite></testsuites>