<?xml version="1.0" encoding="utf-8"?><testsuites name="pytest tests"><testsuite name="pytest" errors="0" failures="0" skipped="0" tests="12" time="1.644" timestamp="2026-03-16T15:35:14.367041+00:00" hostname="agent-env-3dff392d-9929-460d-bd27-f92d042ed2e6"><testcase classname="backend.tests.test_entrance_layer_regression.TestEntranceLayerRegression" name="test_actions_feed_returns_200" time="0.303" /><testcase classname="backend.tests.test_entrance_layer_regression.TestEntranceLayerRegression" name="test_actions_feed_has_valid_structure" time="0.082" /><testcase classname="backend.tests.test_entrance_layer_regression.TestEntranceLayerRegression" name="test_trust_endpoint_returns_200" time="0.135" /><testcase classname="backend.tests.test_entrance_layer_regression.TestEntranceLayerRegression" name="test_trust_has_referral_bonus" time="0.107" /><testcase classname="backend.tests.test_entrance_layer_regression.TestEntranceLayerRegression" name="test_referrals_endpoint_returns_200" time="0.124" /><testcase classname="backend.tests.test_entrance_layer_regression.TestEntranceLayerRegression" name="test_referrals_have_enriched_data" time="0.102" /><testcase classname="backend.tests.test_entrance_layer_regression.TestEntranceLayerRegression" name="test_risk_signals_definitions_returns_200" time="0.093" /><testcase classname="backend.tests.test_entrance_layer_regression.TestEntranceLayerRegression" name="test_risk_signals_has_8_definitions" time="0.105" /><testcase classname="backend.tests.test_entrance_layer_regression.TestEntranceLayerRegression" name="test_api_health_check" time="0.192" /><testcase classname="backend.tests.test_entrance_layer_regression.TestProductAppRoutes" name="test_actions_feed_accessible" time="0.089" /><testcase classname="backend.tests.test_entrance_layer_regression.TestProductAppRoutes" name="test_leaderboard_data_accessible" time="0.104" /><testcase classname="backend.tests.test_entrance_layer_regression.TestProductAppRoutes" name="test_opportunities_accessible" time="0.098" /></testsuite></testsuites>