<?xml version="1.0" encoding="utf-8"?><testsuites name="pytest tests"><testsuite name="pytest" errors="0" failures="0" skipped="0" tests="17" time="2.507" timestamp="2026-03-11T17:24:49.954549+00:00" hostname="agent-env-53c9ac8c-5c1f-42ec-98f7-6028499ca571"><testcase classname="backend.tests.test_globe_interaction.TestGlobeActivityEndpoint" name="test_globe_activity_returns_200" time="0.182" /><testcase classname="backend.tests.test_globe_interaction.TestGlobeActivityEndpoint" name="test_globe_activity_has_success" time="0.108" /><testcase classname="backend.tests.test_globe_interaction.TestGlobeActivityEndpoint" name="test_globe_activity_has_points_array" time="0.085" /><testcase classname="backend.tests.test_globe_interaction.TestGlobeActivityEndpoint" name="test_globe_activity_has_today_stats" time="0.113" /><testcase classname="backend.tests.test_globe_interaction.TestGlobeActivityEndpoint" name="test_globe_activity_has_mission_glow" time="0.124" /><testcase classname="backend.tests.test_globe_interaction.TestGlobeActivityEndpoint" name="test_globe_activity_has_color_map" time="0.106" /><testcase classname="backend.tests.test_globe_interaction.TestGlobePointEndpoint" name="test_globe_point_post_success" time="0.119" /><testcase classname="backend.tests.test_globe_interaction.TestGlobePointEndpoint" name="test_globe_point_returns_point_object" time="0.077" /><testcase classname="backend.tests.test_globe_interaction.TestGlobePointEndpoint" name="test_globe_point_returns_message_he" time="0.077" /><testcase classname="backend.tests.test_globe_interaction.TestGlobePointEndpoint" name="test_globe_point_different_directions" time="0.358" /><testcase classname="backend.tests.test_globe_interaction.TestGlobeRegionEndpoint" name="test_globe_region_valid_country" time="0.080" /><testcase classname="backend.tests.test_globe_interaction.TestGlobeRegionEndpoint" name="test_globe_region_returns_required_fields" time="0.108" /><testcase classname="backend.tests.test_globe_interaction.TestGlobeRegionEndpoint" name="test_globe_region_direction_counts" time="0.078" /><testcase classname="backend.tests.test_globe_interaction.TestGlobeRegionEndpoint" name="test_globe_region_trend_he" time="0.082" /><testcase classname="backend.tests.test_globe_interaction.TestGlobeRegionEndpoint" name="test_globe_region_invalid_country" time="0.084" /><testcase classname="backend.tests.test_globe_interaction.TestGlobeRegionEndpoint" name="test_globe_region_different_countries" time="0.410" /><testcase classname="backend.tests.test_globe_interaction.TestGlobeIntegration" name="test_point_appears_in_activity_after_post" time="0.196" /></testsuite></testsuites>