<?xml version="1.0" encoding="utf-8"?><testsuites name="pytest tests"><testsuite name="pytest" errors="0" failures="0" skipped="0" tests="13" time="9.893" timestamp="2026-03-16T13:45:32.454151+00:00" hostname="agent-env-3dff392d-9929-460d-bd27-f92d042ed2e6"><testcase classname="backend.tests.test_growth_loop_referral.TestShareActionPage" name="test_share_action_without_ref" time="0.946" /><testcase classname="backend.tests.test_growth_loop_referral.TestShareActionPage" name="test_share_action_with_ref_param" time="0.940" /><testcase classname="backend.tests.test_growth_loop_referral.TestShareActionPage" name="test_share_action_invalid_id_returns_404" time="0.405" /><testcase classname="backend.tests.test_growth_loop_referral.TestPublicActionEndpoint" name="test_get_action_returns_trust_signal" time="0.814" /><testcase classname="backend.tests.test_growth_loop_referral.TestPublicActionEndpoint" name="test_get_action_invalid_id_returns_error" time="0.406" /><testcase classname="backend.tests.test_growth_loop_referral.TestReferralRegistration" name="test_register_with_referral_creates_user_and_referral" time="1.461" /><testcase classname="backend.tests.test_growth_loop_referral.TestReferralRegistration" name="test_register_without_referral_works" time="0.663" /><testcase classname="backend.tests.test_growth_loop_referral.TestReferralsEndpoint" name="test_get_referrals_for_user" time="0.430" /><testcase classname="backend.tests.test_growth_loop_referral.TestReferralsEndpoint" name="test_get_referrals_for_nonexistent_user" time="0.408" /><testcase classname="backend.tests.test_growth_loop_referral.TestRegressionAPIs" name="test_reaction_api_still_works" time="1.635" /><testcase classname="backend.tests.test_growth_loop_referral.TestRegressionAPIs" name="test_trust_api_still_works" time="0.424" /><testcase classname="backend.tests.test_growth_loop_referral.TestRegressionAPIs" name="test_feed_api_still_works" time="0.427" /><testcase classname="backend.tests.test_growth_loop_referral.TestOGImageGeneration" name="test_og_image_endpoint" time="0.857" /></testsuite></testsuites>