<?xml version="1.0" encoding="utf-8"?><testsuites name="pytest tests"><testsuite name="pytest" errors="0" failures="0" skipped="0" tests="13" time="6.585" timestamp="2026-03-16T12:37:29.319261+00:00" hostname="agent-env-3dff392d-9929-460d-bd27-f92d042ed2e6"><testcase classname="backend.tests.test_landing_page_regression.TestBackendAPIs" name="test_actions_feed" time="0.527" /><testcase classname="backend.tests.test_landing_page_regression.TestBackendAPIs" name="test_leaderboard" time="0.411" /><testcase classname="backend.tests.test_landing_page_regression.TestBackendAPIs" name="test_community_funds" time="0.406" /><testcase classname="backend.tests.test_landing_page_regression.TestBackendAPIs" name="test_opportunities" time="0.535" /><testcase classname="backend.tests.test_landing_page_regression.TestBackendAPIs" name="test_trust_integrity_stats" time="0.429" /><testcase classname="backend.tests.test_landing_page_regression.TestAuthFlow" name="test_login_success" time="0.656" /><testcase classname="backend.tests.test_landing_page_regression.TestAuthFlow" name="test_login_invalid" time="0.413" /><testcase classname="backend.tests.test_landing_page_regression.TestWeeklyReport" name="test_weekly_report_leaderboard" time="0.404" /><testcase classname="backend.tests.test_landing_page_regression.TestWeeklyReport" name="test_weekly_insight" time="0.400" /><testcase classname="backend.tests.test_landing_page_regression.TestAuthenticatedEndpoints" name="test_auth_me" time="1.085" /><testcase classname="backend.tests.test_landing_page_regression.TestLiveStatsData" name="test_feed_for_stats" time="0.414" /><testcase classname="backend.tests.test_landing_page_regression.TestLiveStatsData" name="test_leaderboard_for_stats" time="0.423" /><testcase classname="backend.tests.test_landing_page_regression.TestLiveStatsData" name="test_community_funds_for_stats" time="0.402" /></testsuite></testsuites>