<?xml version="1.0" encoding="utf-8"?><testsuites name="pytest tests"><testsuite name="pytest" errors="0" failures="0" skipped="0" tests="23" time="10.009" timestamp="2026-03-10T16:28:04.658537+00:00" hostname="agent-env-d025645d-9506-43c4-b042-24ee9cb7136e"><testcase classname="backend.tests.test_user_comparison.TestUserComparisonEndpoint" name="test_endpoint_returns_success" time="0.464" /><testcase classname="backend.tests.test_user_comparison.TestUserComparisonEndpoint" name="test_endpoint_returns_user_id" time="0.410" /><testcase classname="backend.tests.test_user_comparison.TestUserComparisonEndpoint" name="test_direction_percentiles_is_array" time="0.567" /><testcase classname="backend.tests.test_user_comparison.TestUserComparisonEndpoint" name="test_direction_percentiles_structure" time="0.420" /><testcase classname="backend.tests.test_user_comparison.TestUserComparisonEndpoint" name="test_direction_percentiles_valid_directions" time="0.426" /><testcase classname="backend.tests.test_user_comparison.TestUserComparisonEndpoint" name="test_percentile_values_in_valid_range" time="0.555" /><testcase classname="backend.tests.test_user_comparison.TestUserComparisonEndpoint" name="test_user_count_is_non_negative" time="0.404" /><testcase classname="backend.tests.test_user_comparison.TestUserComparisonEndpoint" name="test_rank_label_present_when_user_count_positive" time="0.416" /><testcase classname="backend.tests.test_user_comparison.TestUserComparisonEndpoint" name="test_dominant_direction_present" time="0.407" /><testcase classname="backend.tests.test_user_comparison.TestUserComparisonEndpoint" name="test_dominant_percentile_present" time="0.418" /><testcase classname="backend.tests.test_user_comparison.TestUserComparisonEndpoint" name="test_comparison_insight_is_hebrew" time="0.455" /><testcase classname="backend.tests.test_user_comparison.TestUserComparisonEndpoint" name="test_week_comparison_is_dict" time="0.402" /><testcase classname="backend.tests.test_user_comparison.TestUserComparisonEndpoint" name="test_week_comparison_distribution_sums_to_100" time="0.430" /><testcase classname="backend.tests.test_user_comparison.TestUserComparisonEndpoint" name="test_total_user_actions_present" time="0.423" /><testcase classname="backend.tests.test_user_comparison.TestUserComparisonNoData" name="test_no_data_user_returns_success" time="0.422" /><testcase classname="backend.tests.test_user_comparison.TestUserComparisonNoData" name="test_no_data_user_has_zero_actions" time="0.398" /><testcase classname="backend.tests.test_user_comparison.TestUserComparisonNoData" name="test_no_data_user_has_empty_percentiles" time="0.417" /><testcase classname="backend.tests.test_user_comparison.TestUserComparisonNoData" name="test_no_data_user_has_insight_in_hebrew" time="0.421" /><testcase classname="backend.tests.test_user_comparison.TestUserComparisonPercentileCalculations" name="test_percentile_calculation_logic" time="0.411" /><testcase classname="backend.tests.test_user_comparison.TestUserComparisonPercentileCalculations" name="test_dominant_direction_matches_highest_count" time="0.433" /><testcase classname="backend.tests.test_user_comparison.TestUserComparisonPercentileCalculations" name="test_rank_labels_are_correct" time="0.404" /><testcase classname="backend.tests.test_user_comparison.TestUserComparisonResponse" name="test_complete_response_structure" time="0.419" /><testcase classname="backend.tests.test_user_comparison.TestUserComparisonResponse" name="test_response_is_json" time="0.427" /></testsuite></testsuites>