<?xml version="1.0" encoding="utf-8"?><testsuites name="pytest tests"><testsuite name="pytest" errors="0" failures="0" skipped="3" tests="24" time="12.446" timestamp="2026-03-16T12:45:56.896455+00:00" hostname="agent-env-3dff392d-9929-460d-bd27-f92d042ed2e6"><testcase classname="backend.tests.test_risk_signals.TestRiskSignalDefinitions" name="test_get_signal_definitions_returns_8_types" time="0.593" /><testcase classname="backend.tests.test_risk_signals.TestRiskSignalDefinitions" name="test_signal_definitions_have_required_fields" time="0.514" /><testcase classname="backend.tests.test_risk_signals.TestRiskSignalDefinitions" name="test_signal_categories_are_valid" time="0.410" /><testcase classname="backend.tests.test_risk_signals.TestRiskSignalDefinitions" name="test_signal_severities_are_valid" time="0.402" /><testcase classname="backend.tests.test_risk_signals.TestRiskSignalScanner" name="test_scan_returns_results_per_signal_type" time="0.437" /><testcase classname="backend.tests.test_risk_signals.TestRiskSignalScanner" name="test_scan_detects_community_monopoly" time="0.810" /><testcase classname="backend.tests.test_risk_signals.TestRiskSignalList" name="test_list_signals_returns_array" time="0.407" /><testcase classname="backend.tests.test_risk_signals.TestRiskSignalList" name="test_filter_by_category" time="0.400" /><testcase classname="backend.tests.test_risk_signals.TestRiskSignalList" name="test_filter_by_severity" time="0.405" /><testcase classname="backend.tests.test_risk_signals.TestRiskSignalList" name="test_filter_by_status" time="0.411" /><testcase classname="backend.tests.test_risk_signals.TestRiskSignalList" name="test_signals_have_signal_id" time="0.428" /><testcase classname="backend.tests.test_risk_signals.TestRiskSignalSummary" name="test_summary_returns_aggregated_counts" time="0.411" /><testcase classname="backend.tests.test_risk_signals.TestRiskSignalUser" name="test_get_user_signals" time="0.422" /><testcase classname="backend.tests.test_risk_signals.TestRiskSignalUser" name="test_get_user_signals_nonexistent_user" time="0.417" /><testcase classname="backend.tests.test_risk_signals.TestRiskSignalUpdate" name="test_update_signal_status_to_resolved" time="0.846" /><testcase classname="backend.tests.test_risk_signals.TestRiskSignalUpdate" name="test_update_signal_invalid_status" time="1.259"><skipped type="pytest.skip" message="Cannot create signals for testing">/app/backend/tests/test_risk_signals.py:294: Cannot create signals for testing</skipped></testcase><testcase classname="backend.tests.test_risk_signals.TestRiskSignalUpdate" name="test_update_signal_invalid_id" time="0.446" /><testcase classname="backend.tests.test_risk_signals.TestRiskSignalUpdate" name="test_update_nonexistent_signal" time="0.423" /><testcase classname="backend.tests.test_risk_signals.TestDismissedSignalsNotReCreated" name="test_dismissed_signal_not_recreated" time="0.830"><skipped type="pytest.skip" message="No active signals to test dismissal">/app/backend/tests/test_risk_signals.py:339: No active signals to test dismissal</skipped></testcase><testcase classname="backend.tests.test_risk_signals.TestLowEffortContentDetection" name="test_detect_low_effort_content_short_title" time="0.437"><skipped type="pytest.skip" message="Auth failed, cannot create test action">/app/backend/tests/test_risk_signals.py:397: Auth failed, cannot create test action</skipped></testcase><testcase classname="backend.tests.test_risk_signals.TestRegressionTrustIntegrity" name="test_trust_integrity_stats_still_works" time="0.429" /><testcase classname="backend.tests.test_risk_signals.TestRegressionTrustIntegrity" name="test_trust_flags_still_works" time="0.410" /><testcase classname="backend.tests.test_risk_signals.TestRegressionActionsFeed" name="test_actions_feed_still_works" time="0.403" /><testcase classname="backend.tests.test_risk_signals.TestRegressionLeaderboard" name="test_leaderboard_still_works" time="0.398" /></testsuite></testsuites>