<?xml version="1.0" encoding="utf-8"?><testsuites name="pytest tests"><testsuite name="pytest" errors="0" failures="1" skipped="0" tests="10" time="1.423" timestamp="2026-03-11T10:17:51.021321+00:00" hostname="agent-env-9f59a014-8ddc-4161-892e-fc3ae30e03f4"><testcase classname="backend.tests.test_invite_tracking.TestMetricsTodayInviteConversions" name="test_metrics_today_returns_200" time="0.244" /><testcase classname="backend.tests.test_invite_tracking.TestMetricsTodayInviteConversions" name="test_metrics_today_has_invite_conversions" time="0.103" /><testcase classname="backend.tests.test_invite_tracking.TestMetricsTodayInviteConversions" name="test_metrics_today_has_all_6_kpis" time="0.108" /><testcase classname="backend.tests.test_invite_tracking.TestInviteReportAPI" name="test_invite_report_returns_200" time="0.091" /><testcase classname="backend.tests.test_invite_tracking.TestInviteReportAPI" name="test_invite_report_has_required_fields" time="0.095" /><testcase classname="backend.tests.test_invite_tracking.TestInviteReportAPI" name="test_invite_report_has_real_data" time="0.096" /><testcase classname="backend.tests.test_invite_tracking.TestInviteReportAPI" name="test_invite_report_conversion_rates_calculated" time="0.095"><failure message="AssertionError: accept_rate should be 0-100&#10;assert 600.0 &lt;= 100&#10; +  where 600.0 = &lt;built-in method get of dict object at 0xfa20196c1c80&gt;('accept_rate', -1)&#10; +    where &lt;built-in method get of dict object at 0xfa20196c1c80&gt; = {'accept_rate': 600.0, 'invites_accepted': 6, 'invites_opened': 1, 'invites_sent': 7, ...}.get">backend/tests/test_invite_tracking.py:99: in test_invite_report_conversion_rates_calculated
    assert 0 &lt;= data.get("accept_rate", -1) &lt;= 100, "accept_rate should be 0-100"
E   AssertionError: accept_rate should be 0-100
E   assert 600.0 &lt;= 100
E    +  where 600.0 = &lt;built-in method get of dict object at 0xfa20196c1c80&gt;('accept_rate', -1)
E    +    where &lt;built-in method get of dict object at 0xfa20196c1c80&gt; = {'accept_rate': 600.0, 'invites_accepted': 6, 'invites_opened': 1, 'invites_sent': 7, ...}.get</failure></testcase><testcase classname="backend.tests.test_invite_tracking.TestInviteOpenTracking" name="test_invite_endpoint_returns_200_or_404" time="0.082" /><testcase classname="backend.tests.test_invite_tracking.TestInviteOpenTracking" name="test_invite_open_increments_count" time="0.294" /><testcase classname="backend.tests.test_invite_tracking.TestInviteOpenTracking" name="test_invite_response_has_required_fields" time="0.107" /></testsuite></testsuites>