<?xml version="1.0" encoding="utf-8"?><testsuites name="pytest tests"><testsuite name="pytest" errors="0" failures="0" skipped="0" tests="19" time="8.692" timestamp="2026-03-10T18:39:24.527223+00:00" hostname="agent-env-9f59a014-8ddc-4161-892e-fc3ae30e03f4"><testcase classname="tests.test_orientation_features.TestDailyQuestion" name="test_daily_question_endpoint_returns_success" time="0.572" /><testcase classname="tests.test_orientation_features.TestDailyQuestion" name="test_daily_question_returns_streak_fields" time="0.406" /><testcase classname="tests.test_orientation_features.TestDailyQuestion" name="test_daily_question_returns_question_data" time="0.433" /><testcase classname="tests.test_orientation_features.TestDailyQuestion" name="test_daily_answer_returns_impact_message" time="0.823" /><testcase classname="tests.test_orientation_features.TestWeeklyInsight" name="test_weekly_insight_endpoint_returns_success" time="0.460" /><testcase classname="tests.test_orientation_features.TestWeeklyInsight" name="test_weekly_insight_returns_distribution" time="0.447" /><testcase classname="tests.test_orientation_features.TestWeeklyInsight" name="test_weekly_insight_returns_insight_text" time="0.433" /><testcase classname="tests.test_orientation_features.TestWeeklyInsight" name="test_weekly_insight_returns_total_actions" time="0.407" /><testcase classname="tests.test_orientation_features.TestShareCard" name="test_share_card_endpoint_returns_success" time="0.421" /><testcase classname="tests.test_orientation_features.TestShareCard" name="test_share_card_returns_orientation" time="0.416" /><testcase classname="tests.test_orientation_features.TestShareCard" name="test_share_card_returns_streak" time="0.428" /><testcase classname="tests.test_orientation_features.TestShareCard" name="test_share_card_returns_compass_position" time="0.445" /><testcase classname="tests.test_orientation_features.TestShareCard" name="test_share_card_returns_message" time="0.398" /><testcase classname="tests.test_orientation_features.TestOrientationIndex" name="test_orientation_index_endpoint_returns_success" time="0.430" /><testcase classname="tests.test_orientation_features.TestOrientationIndex" name="test_orientation_index_returns_distribution" time="0.405" /><testcase classname="tests.test_orientation_features.TestOrientationIndex" name="test_orientation_index_returns_user_counts" time="0.445" /><testcase classname="tests.test_orientation_features.TestOrientationIndex" name="test_orientation_index_returns_headline" time="0.408" /><testcase classname="tests.test_orientation_features.TestOrientationIndex" name="test_orientation_index_returns_dominant_direction" time="0.403" /><testcase classname="tests.test_orientation_features.TestOrientationIndex" name="test_orientation_index_returns_direction_change" time="0.405" /></testsuite></testsuites>