<?xml version="1.0" encoding="utf-8"?><testsuites name="pytest tests"><testsuite name="pytest" errors="0" failures="1" skipped="0" tests="9" time="6.568" timestamp="2026-03-12T11:58:27.461289+00:00" hostname="agent-env-57c1e287-f2cc-4b9e-9ade-8bd1084facfd"><testcase classname="backend.tests.test_clarity_meaning_phase.TestFieldDashboardNarrative" name="test_field_dashboard_returns_narrative" time="0.582" /><testcase classname="backend.tests.test_clarity_meaning_phase.TestFieldDashboardNarrative" name="test_field_narrative_has_no_numbers" time="0.442" /><testcase classname="backend.tests.test_clarity_meaning_phase.TestFieldDashboardNarrative" name="test_field_dashboard_has_direction_data" time="0.583" /><testcase classname="backend.tests.test_clarity_meaning_phase.TestOppositionAxes" name="test_profile_record_returns_opposition_axes" time="1.118" /><testcase classname="backend.tests.test_clarity_meaning_phase.TestOppositionAxes" name="test_opposition_axes_has_three_tensions" time="1.063" /><testcase classname="backend.tests.test_clarity_meaning_phase.TestCompassAI" name="test_compass_ai_returns_direction" time="1.111"><failure message="AssertionError: assert 'suggested_action_he' in {'balance_score': 0, 'dominant_direction': None, 'dominant_direction_he': None, 'niche_he': None, ...}">backend/tests/test_clarity_meaning_phase.py:132: in test_compass_ai_returns_direction
    assert 'suggested_action_he' in data
E   AssertionError: assert 'suggested_action_he' in {'balance_score': 0, 'dominant_direction': None, 'dominant_direction_he': None, 'niche_he': None, ...}</failure></testcase><testcase classname="backend.tests.test_clarity_meaning_phase.TestGlobeActivity" name="test_globe_activity_returns_points" time="0.590" /><testcase classname="backend.tests.test_clarity_meaning_phase.TestGlobeActivity" name="test_globe_activity_has_color_map" time="0.528" /><testcase classname="backend.tests.test_clarity_meaning_phase.TestGlobeRegion" name="test_globe_region_returns_details" time="0.435" /></testsuite></testsuites>