<?xml version="1.0" encoding="utf-8"?><testsuites name="pytest tests"><testsuite name="pytest" errors="0" failures="0" skipped="0" tests="28" time="18.023" timestamp="2026-03-13T03:16:06.776518+00:00" hostname="agent-env-46b3c243-c5f5-428a-86a8-368a38cd1ad1"><testcase classname="backend.tests.test_trust_system.TestAuthentication" name="test_login_returns_valid_token" time="0.488" /><testcase classname="backend.tests.test_trust_system.TestAuthentication" name="test_login_returns_user_info" time="0.428" /><testcase classname="backend.tests.test_trust_system.TestActionsEndpoint" name="test_actions_requires_authentication" time="0.077" /><testcase classname="backend.tests.test_trust_system.TestActionsEndpoint" name="test_actions_rejects_invalid_action_type" time="0.395" /><testcase classname="backend.tests.test_trust_system.TestActionsEndpoint" name="test_actions_create_help_action" time="0.405" /><testcase classname="backend.tests.test_trust_system.TestActionsEndpoint" name="test_actions_create_action" time="0.392" /><testcase classname="backend.tests.test_trust_system.TestActionsEndpoint" name="test_actions_explore_action" time="0.400" /><testcase classname="backend.tests.test_trust_system.TestActionsEndpoint" name="test_actions_contribute_action" time="0.398" /><testcase classname="backend.tests.test_trust_system.TestRiskSignalEndpoint" name="test_risk_signal_creates_record" time="0.082" /><testcase classname="backend.tests.test_trust_system.TestRiskSignalEndpoint" name="test_risk_signal_rejects_invalid_signal_type" time="0.083" /><testcase classname="backend.tests.test_trust_system.TestRiskSignalEndpoint" name="test_risk_signal_rejects_nonexistent_user" time="0.097" /><testcase classname="backend.tests.test_trust_system.TestRiskSignalEndpoint" name="test_risk_signal_manipulation_type" time="0.079" /><testcase classname="backend.tests.test_trust_system.TestRiskSignalEndpoint" name="test_risk_signal_aggression_type" time="0.078" /><testcase classname="backend.tests.test_trust_system.TestRiskSignalEndpoint" name="test_risk_signal_deception_type" time="0.101" /><testcase classname="backend.tests.test_trust_system.TestRiskSignalEndpoint" name="test_risk_signal_disruption_type" time="0.083" /><testcase classname="backend.tests.test_trust_system.TestTrustProfileEndpoint" name="test_trust_profile_returns_data" time="0.088" /><testcase classname="backend.tests.test_trust_system.TestTrustProfileEndpoint" name="test_trust_score_calculation" time="0.084" /><testcase classname="backend.tests.test_trust_system.TestTrustProfileEndpoint" name="test_trust_profile_nonexistent_user" time="0.080" /><testcase classname="backend.tests.test_trust_system.TestFieldDashboard" name="test_field_dashboard_returns_success" time="6.370" /><testcase classname="backend.tests.test_trust_system.TestProfileRecord" name="test_profile_record_returns_success" time="6.961" /><testcase classname="backend.tests.test_trust_system.TestCollectiveEndpoints" name="test_collective_layer_returns_success" time="0.110" /><testcase classname="backend.tests.test_trust_system.TestCollectiveEndpoints" name="test_collective_trends_returns_success" time="0.087" /><testcase classname="backend.tests.test_trust_system.TestOrientationEndpoints" name="test_field_today_returns_success" time="0.074" /><testcase classname="backend.tests.test_trust_system.TestOrientationEndpoints" name="test_highlighted_records_returns_success" time="0.087" /><testcase classname="backend.tests.test_trust_system.TestOrientationEndpoints" name="test_orientation_profile_returns_alias" time="0.102" /><testcase classname="backend.tests.test_trust_system.TestMemoryStats" name="test_memory_stats_returns_success" time="0.085" /><testcase classname="backend.tests.test_trust_system.TestBackendRefactorRegression" name="test_root_endpoint" time="0.075" /><testcase classname="backend.tests.test_trust_system.TestBackendRefactorRegression" name="test_status_endpoint" time="0.089" /></testsuite></testsuites>