<?xml version="1.0" encoding="utf-8"?><testsuites name="pytest tests"><testsuite name="pytest" errors="0" failures="0" skipped="2" tests="17" time="11.221" timestamp="2026-03-16T13:12:17.217772+00:00" hostname="agent-env-3dff392d-9929-460d-bd27-f92d042ed2e6"><testcase classname="backend.tests.test_enforcement_layer.TestRiskSignalDefinitionsRegression" name="test_definitions_returns_8_signals" time="0.562" /><testcase classname="backend.tests.test_enforcement_layer.TestRiskSignalScanRegression" name="test_scan_endpoint_works" time="0.421" /><testcase classname="backend.tests.test_enforcement_layer.TestReactToActionRegression" name="test_normal_reaction_works" time="2.299" /><testcase classname="backend.tests.test_enforcement_layer.TestActionsFeedRegression" name="test_feed_returns_trust_scores" time="0.404" /><testcase classname="backend.tests.test_enforcement_layer.TestTrustVerifyRegression" name="test_verify_action_works" time="0.835" /><testcase classname="backend.tests.test_enforcement_layer.TestIntegrityStatsRegression" name="test_integrity_stats_works" time="0.428" /><testcase classname="backend.tests.test_enforcement_layer.TestSchedulerRiskSignalScan" name="test_scheduler_status_endpoint" time="0.827" /><testcase classname="backend.tests.test_enforcement_layer.TestCommunityMonopolyEnforcement" name="test_community_monopoly_detection_exists" time="0.807" /><testcase classname="backend.tests.test_enforcement_layer.TestCommunityMonopolyEnforcement" name="test_community_monopoly_halves_trust" time="1.222" /><testcase classname="backend.tests.test_enforcement_layer.TestEnforcementFallback" name="test_action_without_signals_calculates_normally" time="0.405"><skipped type="pytest.skip" message="Rate limited">/app/backend/tests/test_enforcement_layer.py:370: Rate limited</skipped></testcase><testcase classname="backend.tests.test_enforcement_layer.TestAcceleratedDecayConfig" name="test_burst_and_vanish_signal_definition" time="0.403" /><testcase classname="backend.tests.test_enforcement_layer.TestVelocitySpikeEnforcementLogic" name="test_velocity_spike_signal_definition" time="0.442" /><testcase classname="backend.tests.test_enforcement_layer.TestGhostReactorEnforcementLogic" name="test_ghost_reactor_signal_definition" time="0.405" /><testcase classname="backend.tests.test_enforcement_layer.TestReciprocalBoostingEnforcementLogic" name="test_reciprocal_boosting_signal_definition" time="0.418" /><testcase classname="backend.tests.test_enforcement_layer.TestReactionFarmingEnforcementLogic" name="test_reaction_farming_signal_definition" time="0.411" /><testcase classname="backend.tests.test_enforcement_layer.TestTrustFlagsEndpoint" name="test_trust_flags_returns_flags" time="0.412" /><testcase classname="backend.tests.test_enforcement_layer.TestEnforcementIntegration" name="test_full_reaction_flow_with_enforcement" time="0.430"><skipped type="pytest.skip" message="Rate limited">/app/backend/tests/test_enforcement_layer.py:575: Rate limited</skipped></testcase></testsuite></testsuites>