<?xml version="1.0" encoding="utf-8"?><testsuites name="pytest tests"><testsuite name="pytest" errors="0" failures="0" skipped="0" tests="22" time="83.346" timestamp="2026-03-13T12:39:10.232132+00:00" hostname="agent-env-46b3c243-c5f5-428a-86a8-368a38cd1ad1"><testcase classname="backend.tests.test_profile_ai_calibration.TestStableTrustProfile" name="test_stable_profile_returns_200" time="3.959" /><testcase classname="backend.tests.test_profile_ai_calibration.TestStableTrustProfile" name="test_stable_has_ai_interpretation" time="3.004" /><testcase classname="backend.tests.test_profile_ai_calibration.TestStableTrustProfile" name="test_stable_interpretation_is_hebrew_sentence" time="3.543" /><testcase classname="backend.tests.test_profile_ai_calibration.TestStableTrustProfile" name="test_stable_has_field_trust" time="3.941" /><testcase classname="backend.tests.test_profile_ai_calibration.TestBuildingTrustProfile" name="test_building_profile_returns_200" time="2.890" /><testcase classname="backend.tests.test_profile_ai_calibration.TestBuildingTrustProfile" name="test_building_has_ai_interpretation" time="4.798" /><testcase classname="backend.tests.test_profile_ai_calibration.TestBuildingTrustProfile" name="test_building_has_field_trust" time="2.989" /><testcase classname="backend.tests.test_profile_ai_calibration.TestFragileTrustProfile" name="test_fragile_profile_returns_200" time="2.890" /><testcase classname="backend.tests.test_profile_ai_calibration.TestFragileTrustProfile" name="test_fragile_has_ai_interpretation" time="3.303" /><testcase classname="backend.tests.test_profile_ai_calibration.TestFragileTrustProfile" name="test_fragile_is_non_punitive" time="2.955" /><testcase classname="backend.tests.test_profile_ai_calibration.TestFragileTrustProfile" name="test_fragile_has_field_trust" time="3.876" /><testcase classname="backend.tests.test_profile_ai_calibration.TestRestrictedTrustProfile" name="test_restricted_profile_returns_200" time="5.662" /><testcase classname="backend.tests.test_profile_ai_calibration.TestRestrictedTrustProfile" name="test_restricted_has_negative_trust" time="4.802" /><testcase classname="backend.tests.test_profile_ai_calibration.TestRestrictedTrustProfile" name="test_restricted_has_ai_interpretation" time="5.123" /><testcase classname="backend.tests.test_profile_ai_calibration.TestRestrictedTrustProfile" name="test_restricted_is_non_punitive" time="5.558" /><testcase classname="backend.tests.test_profile_ai_calibration.TestRestrictedTrustProfile" name="test_restricted_is_one_sentence" time="5.823" /><testcase classname="backend.tests.test_profile_ai_calibration.TestRestrictedTrustProfile" name="test_restricted_has_field_trust" time="5.247" /><testcase classname="backend.tests.test_profile_ai_calibration.TestCalibrationGroundedness" name="test_stable_output_groundedness" time="3.382" /><testcase classname="backend.tests.test_profile_ai_calibration.TestCalibrationGroundedness" name="test_restricted_output_groundedness" time="5.238" /><testcase classname="backend.tests.test_profile_ai_calibration.TestExistingEndpointsRegression" name="test_field_dashboard_works" time="3.871" /><testcase classname="backend.tests.test_profile_ai_calibration.TestExistingEndpointsRegression" name="test_login_works" time="0.338" /><testcase classname="backend.tests.test_profile_ai_calibration.TestExistingEndpointsRegression" name="test_trust_endpoint_works" time="0.080" /></testsuite></testsuites>