<?xml version="1.0" encoding="utf-8"?><testsuites name="pytest tests"><testsuite name="pytest" errors="0" failures="0" skipped="0" tests="18" time="16.814" timestamp="2026-03-13T16:35:57.629847+00:00" hostname="agent-env-7a5d05c3-46bc-4018-b162-6c9ab390f14d"><testcase classname="backend.tests.test_mvp_freeze_regression.TestSystemStatusFlatFields" name="test_system_status_returns_200" time="0.533" /><testcase classname="backend.tests.test_mvp_freeze_regression.TestSystemStatusFlatFields" name="test_system_status_has_all_5_components" time="3.199" /><testcase classname="backend.tests.test_mvp_freeze_regression.TestSystemStatusFlatFields" name="test_decay_scheduler_flat_fields" time="0.465" /><testcase classname="backend.tests.test_mvp_freeze_regression.TestSystemStatusFlatFields" name="test_overall_healthy_when_components_healthy" time="0.464" /><testcase classname="backend.tests.test_mvp_freeze_regression.TestManualDecayTrigger" name="test_decay_trigger_401_without_auth" time="0.459" /><testcase classname="backend.tests.test_mvp_freeze_regression.TestManualDecayTrigger" name="test_decay_trigger_success_with_auth" time="1.171" /><testcase classname="backend.tests.test_mvp_freeze_regression.TestManualDecayTrigger" name="test_decay_trigger_writes_to_decay_log" time="2.294" /><testcase classname="backend.tests.test_mvp_freeze_regression.TestConcurrentDecayProtection" name="test_concurrent_decay_protection" time="0.899" /><testcase classname="backend.tests.test_mvp_freeze_regression.TestExistingAuth" name="test_login_with_valid_credentials" time="0.648" /><testcase classname="backend.tests.test_mvp_freeze_regression.TestExistingAuth" name="test_login_returns_user_id" time="0.668" /><testcase classname="backend.tests.test_mvp_freeze_regression.TestExistingTrustAPIs" name="test_get_trust_profile" time="0.414" /><testcase classname="backend.tests.test_mvp_freeze_regression.TestExistingTrustAPIs" name="test_get_trust_history" time="0.439" /><testcase classname="backend.tests.test_mvp_freeze_regression.TestActionsEndpoint" name="test_actions_requires_auth" time="0.413" /><testcase classname="backend.tests.test_mvp_freeze_regression.TestActionsEndpoint" name="test_actions_success_with_auth" time="0.433" /><testcase classname="backend.tests.test_mvp_freeze_regression.TestTrustLedgerDecayEntries" name="test_decay_ledger_entries_have_correct_source_flow" time="2.864" /><testcase classname="backend.tests.test_mvp_freeze_regression.TestDatabaseComponents" name="test_database_healthy" time="0.471" /><testcase classname="backend.tests.test_mvp_freeze_regression.TestDatabaseComponents" name="test_trust_engine_tracks_users" time="0.424" /><testcase classname="backend.tests.test_mvp_freeze_regression.TestDatabaseComponents" name="test_trust_ledger_has_entries" time="0.422" /></testsuite></testsuites>