<?xml version="1.0" encoding="utf-8"?><testsuites name="pytest tests"><testsuite name="pytest" errors="0" failures="0" skipped="0" tests="16" time="19.535" timestamp="2026-03-13T13:38:53.919046+00:00" hostname="agent-env-46b3c243-c5f5-428a-86a8-368a38cd1ad1"><testcase classname="backend.tests.test_trust_integration_product_flows.TestAuthentication" name="test_login_returns_valid_token" time="0.379" /><testcase classname="backend.tests.test_trust_integration_product_flows.TestDailyActionTrustIntegration" name="test_daily_action_flow_creates_trust_event" time="5.946" /><testcase classname="backend.tests.test_trust_integration_product_flows.TestGlobePointTrustIntegration" name="test_globe_point_creates_trust_event" time="0.776" /><testcase classname="backend.tests.test_trust_integration_product_flows.TestMissionJoinTrustIntegration" name="test_mission_join_creates_trust_event" time="0.798" /><testcase classname="backend.tests.test_trust_integration_product_flows.TestOnboardingFirstActionTrustIntegration" name="test_onboarding_first_action_creates_trust_event" time="0.787" /><testcase classname="backend.tests.test_trust_integration_product_flows.TestExistingEndpointsStillWork" name="test_field_dashboard_returns_ai_interpretation" time="3.705" /><testcase classname="backend.tests.test_trust_integration_product_flows.TestExistingEndpointsStillWork" name="test_collective_layer_endpoint" time="0.103" /><testcase classname="backend.tests.test_trust_integration_product_flows.TestExistingEndpointsStillWork" name="test_collective_trends_endpoint" time="0.091" /><testcase classname="backend.tests.test_trust_integration_product_flows.TestExistingEndpointsStillWork" name="test_orientation_field_today" time="0.113" /><testcase classname="backend.tests.test_trust_integration_product_flows.TestExistingEndpointsStillWork" name="test_memory_stats_endpoint" time="0.101" /><testcase classname="backend.tests.test_trust_integration_product_flows.TestProfileEndpoints" name="test_profile_record_returns_ai_and_trust" time="3.694" /><testcase classname="backend.tests.test_trust_integration_product_flows.TestManualTrustEndpoints" name="test_get_user_trust" time="0.092" /><testcase classname="backend.tests.test_trust_integration_product_flows.TestManualTrustEndpoints" name="test_post_manual_action_requires_auth" time="0.100" /><testcase classname="backend.tests.test_trust_integration_product_flows.TestManualTrustEndpoints" name="test_post_manual_action_with_auth" time="1.106" /><testcase classname="backend.tests.test_trust_integration_product_flows.TestManualTrustEndpoints" name="test_post_risk_signal_with_correct_params" time="0.208" /><testcase classname="backend.tests.test_trust_integration_product_flows.TestTrustValueAccumulation" name="test_multiple_actions_accumulate_value" time="1.450" /></testsuite></testsuites>