<?xml version="1.0" encoding="utf-8"?><testsuites name="pytest tests"><testsuite name="pytest" errors="0" failures="0" skipped="0" tests="17" time="14.824" timestamp="2026-03-13T16:23:52.533029+00:00" hostname="agent-env-7a5d05c3-46bc-4018-b162-6c9ab390f14d"><testcase classname="backend.tests.test_decay_scheduler.TestSystemStatus" name="test_system_status_returns_200" time="3.525" /><testcase classname="backend.tests.test_decay_scheduler.TestSystemStatus" name="test_system_status_has_all_components" time="2.944" /><testcase classname="backend.tests.test_decay_scheduler.TestSystemStatus" name="test_database_component_healthy" time="0.448" /><testcase classname="backend.tests.test_decay_scheduler.TestSystemStatus" name="test_trust_engine_component_healthy" time="0.417" /><testcase classname="backend.tests.test_decay_scheduler.TestSystemStatus" name="test_trust_ledger_component_healthy" time="0.442" /><testcase classname="backend.tests.test_decay_scheduler.TestSystemStatus" name="test_ai_layer_component_present" time="0.475" /><testcase classname="backend.tests.test_decay_scheduler.TestSystemStatus" name="test_decay_scheduler_running" time="0.414" /><testcase classname="backend.tests.test_decay_scheduler.TestSystemStatus" name="test_decay_scheduler_has_next_run" time="0.454" /><testcase classname="backend.tests.test_decay_scheduler.TestSystemStatus" name="test_decay_scheduler_has_lock_state" time="0.606" /><testcase classname="backend.tests.test_decay_scheduler.TestSystemStatus" name="test_decay_scheduler_has_recent_executions" time="0.420" /><testcase classname="backend.tests.test_decay_scheduler.TestExistingAuthStillWorks" name="test_login_success" time="0.682" /><testcase classname="backend.tests.test_decay_scheduler.TestExistingTrustAPIsStillWork" name="test_get_user_trust_profile" time="1.084" /><testcase classname="backend.tests.test_decay_scheduler.TestExistingTrustAPIsStillWork" name="test_get_user_trust_history" time="1.105" /><testcase classname="backend.tests.test_decay_scheduler.TestDecayLockMechanics" name="test_lock_state_structure" time="0.416" /><testcase classname="backend.tests.test_decay_scheduler.TestDecayLockMechanics" name="test_execution_log_structure" time="0.424" /><testcase classname="backend.tests.test_decay_scheduler.TestOverallHealthAggregation" name="test_overall_status_present" time="0.428" /><testcase classname="backend.tests.test_decay_scheduler.TestOverallHealthAggregation" name="test_healthy_when_all_components_healthy" time="0.419" /></testsuite></testsuites>