<?xml version="1.0" encoding="utf-8"?><testsuites name="pytest tests"><testsuite name="pytest" errors="0" failures="1" skipped="0" tests="9" time="8.511" timestamp="2026-03-13T18:09:45.724707+00:00" hostname="agent-env-7a5d05c3-46bc-4018-b162-6c9ab390f14d"><testcase classname="backend.tests.test_hometab_reorder.TestAuthAPI" name="test_login_success" time="3.549" /><testcase classname="backend.tests.test_hometab_reorder.TestAuthAPI" name="test_login_invalid_credentials" time="0.417"><failure message="assert 200 == 401&#10; +  where 200 = &lt;Response [200]&gt;.status_code">backend/tests/test_hometab_reorder.py:40: in test_login_invalid_credentials
    assert response.status_code == 401
E   assert 200 == 401
E    +  where 200 = &lt;Response [200]&gt;.status_code</failure></testcase><testcase classname="backend.tests.test_hometab_reorder.TestTrustAPI" name="test_get_user_trust" time="0.424" /><testcase classname="backend.tests.test_hometab_reorder.TestTrustAPI" name="test_get_user_trust_invalid_id" time="0.527" /><testcase classname="backend.tests.test_hometab_reorder.TestInviteAPI" name="test_get_invites_authenticated" time="1.104" /><testcase classname="backend.tests.test_hometab_reorder.TestInviteAPI" name="test_get_invites_unauthenticated" time="0.442" /><testcase classname="backend.tests.test_hometab_reorder.TestInviteAPI" name="test_generate_invite_authenticated" time="1.073" /><testcase classname="backend.tests.test_hometab_reorder.TestDailyBaseAPI" name="test_get_daily_base" time="0.428" /><testcase classname="backend.tests.test_hometab_reorder.TestDailyQuestionAPI" name="test_get_daily_question" time="0.427" /></testsuite></testsuites>