<?xml version="1.0" encoding="utf-8"?><testsuites name="pytest tests"><testsuite name="pytest" errors="0" failures="0" skipped="0" tests="20" time="8.600" timestamp="2026-03-17T10:04:24.321542+00:00" hostname="agent-env-7b217971-bf3f-4d12-b1db-fcd63a5a8cf8"><testcase classname="backend.tests.test_status_consequence_layer.TestFeedConsequenceLayer" name="test_feed_returns_rank_score_field" time="0.598" /><testcase classname="backend.tests.test_status_consequence_layer.TestFeedConsequenceLayer" name="test_feed_returns_visibility_weight_field" time="0.509" /><testcase classname="backend.tests.test_status_consequence_layer.TestFeedConsequenceLayer" name="test_feed_sorted_by_rank_score_descending" time="0.424" /><testcase classname="backend.tests.test_status_consequence_layer.TestFeedConsequenceLayer" name="test_at_risk_user_visibility_weight_capped_at_070" time="0.403" /><testcase classname="backend.tests.test_status_consequence_layer.TestPositionConsequenceMultiplier" name="test_position_returns_consequence_multiplier_field" time="0.399" /><testcase classname="backend.tests.test_status_consequence_layer.TestPositionConsequenceMultiplier" name="test_at_risk_user_has_070_multiplier" time="0.398" /><testcase classname="backend.tests.test_status_consequence_layer.TestPositionConsequenceMultiplier" name="test_position_returns_status_object" time="0.393" /><testcase classname="backend.tests.test_status_consequence_layer.TestOrientationConsequenceMultiplier" name="test_orientation_returns_consequence_multiplier_field" time="0.399" /><testcase classname="backend.tests.test_status_consequence_layer.TestOrientationConsequenceMultiplier" name="test_at_risk_user_multiplier_070" time="0.417" /><testcase classname="backend.tests.test_status_consequence_layer.TestOrientationConsequenceMultiplier" name="test_at_risk_message_mentions_reduced_visibility" time="0.393" /><testcase classname="backend.tests.test_status_consequence_layer.TestOrientationConsequenceMultiplier" name="test_orientation_returns_status_object" time="0.405" /><testcase classname="backend.tests.test_status_consequence_layer.TestConsequenceMultiplierValues" name="test_consequence_multipliers_dict_values" time="0.422" /><testcase classname="backend.tests.test_status_consequence_layer.TestEnforcementOverride" name="test_enforcement_override_caps_at_070" time="0.488" /><testcase classname="backend.tests.test_status_consequence_layer.TestEnforcementOverride" name="test_second_at_risk_user_also_capped" time="0.394" /><testcase classname="backend.tests.test_status_consequence_layer.TestRankingFormula" name="test_rank_score_is_positive" time="0.412" /><testcase classname="backend.tests.test_status_consequence_layer.TestRankingFormula" name="test_rank_score_affected_by_visibility_weight" time="0.408" /><testcase classname="backend.tests.test_status_consequence_layer.TestFeedWithAuthentication" name="test_feed_with_viewer_id" time="0.406" /><testcase classname="backend.tests.test_status_consequence_layer.TestHealthAndBasics" name="test_feed_endpoint_available" time="0.425" /><testcase classname="backend.tests.test_status_consequence_layer.TestHealthAndBasics" name="test_position_endpoint_available" time="0.418" /><testcase classname="backend.tests.test_status_consequence_layer.TestHealthAndBasics" name="test_orientation_endpoint_available" time="0.406" /></testsuite></testsuites>