<?xml version="1.0" encoding="utf-8"?><testsuites name="pytest tests"><testsuite name="pytest" errors="0" failures="0" skipped="0" tests="19" time="9.333" timestamp="2026-03-12T09:54:40.782406+00:00" hostname="agent-env-3f023004-4e17-4b7e-bf95-b89fc97d7417"><testcase classname="backend.tests.test_profile_feature.TestProfileAPIBasics" name="test_profile_demo_0_returns_success" time="0.569" /><testcase classname="backend.tests.test_profile_feature.TestProfileAPIBasics" name="test_profile_has_identity_section" time="0.423" /><testcase classname="backend.tests.test_profile_feature.TestProfileAPIBasics" name="test_profile_has_opposition_axes" time="0.578" /><testcase classname="backend.tests.test_profile_feature.TestProfileAPIBasics" name="test_profile_has_value_growth" time="0.419" /><testcase classname="backend.tests.test_profile_feature.TestProfileAPIBasics" name="test_profile_has_direction_distribution" time="0.399" /><testcase classname="backend.tests.test_profile_feature.TestProfileAPIBasics" name="test_profile_has_action_record" time="0.421" /><testcase classname="backend.tests.test_profile_feature.TestProfileDifferentUsers" name="test_profile_demo_1" time="0.470" /><testcase classname="backend.tests.test_profile_feature.TestProfileDifferentUsers" name="test_profile_demo_5" time="0.422" /><testcase classname="backend.tests.test_profile_feature.TestProfileDifferentUsers" name="test_profile_demo_10" time="0.408" /><testcase classname="backend.tests.test_profile_feature.TestFeedWithUserIds" name="test_personalized_feed_action_cards_have_user_id" time="0.413" /><testcase classname="backend.tests.test_profile_feature.TestFeedWithUserIds" name="test_personalized_feed_leader_card_has_user_id" time="0.406" /><testcase classname="backend.tests.test_profile_feature.TestLeadersWithUserIds" name="test_global_leaders_have_user_id" time="0.416" /><testcase classname="backend.tests.test_profile_feature.TestProfileOppositionAxesValues" name="test_axes_values_bounded_0_100" time="1.296" /><testcase classname="backend.tests.test_profile_feature.TestRegression" name="test_field_today_still_works" time="0.424" /><testcase classname="backend.tests.test_profile_feature.TestRegression" name="test_field_dashboard_still_works" time="0.431" /><testcase classname="backend.tests.test_profile_feature.TestRegression" name="test_value_circles_still_works" time="0.403" /><testcase classname="backend.tests.test_profile_feature.TestRegression" name="test_missions_still_works" time="0.401" /><testcase classname="backend.tests.test_profile_feature.TestRegression" name="test_globe_activity_still_works" time="0.538" /><testcase classname="backend.tests.test_profile_feature.TestRegression" name="test_orientation_field_still_works" time="0.413" /></testsuite></testsuites>