<?xml version="1.0" encoding="utf-8"?><testsuites name="pytest tests"><testsuite name="pytest" errors="0" failures="1" skipped="0" tests="20" time="8.970" timestamp="2026-03-15T14:05:40.954393+00:00" hostname="agent-env-aeb54998-47e2-4314-84f3-00dc82a9d0f5"><testcase classname="backend.tests.test_five_new_features.TestDynamicOGSharePage" name="test_og_share_page_returns_html" time="0.578" /><testcase classname="backend.tests.test_five_new_features.TestDynamicOGSharePage" name="test_og_share_page_has_redirect" time="0.519" /><testcase classname="backend.tests.test_five_new_features.TestDynamicOGSharePage" name="test_og_share_page_invalid_id" time="0.423" /><testcase classname="backend.tests.test_five_new_features.TestOGImageGeneration" name="test_og_image_returns_png" time="0.521" /><testcase classname="backend.tests.test_five_new_features.TestOGImageGeneration" name="test_og_image_has_cache_header" time="0.482"><failure message="AssertionError: Missing Cache-Control max-age&#10;assert 'max-age' in 'no-store, no-cache, must-revalidate'">backend/tests/test_five_new_features.py:96: in test_og_image_has_cache_header
    assert 'max-age' in cache_header, "Missing Cache-Control max-age"
E   AssertionError: Missing Cache-Control max-age
E   assert 'max-age' in 'no-store, no-cache, must-revalidate'</failure></testcase><testcase classname="backend.tests.test_five_new_features.TestOGImageGeneration" name="test_og_image_invalid_id" time="0.436" /><testcase classname="backend.tests.test_five_new_features.TestOpportunitiesSystem" name="test_opportunities_list" time="0.413" /><testcase classname="backend.tests.test_five_new_features.TestOpportunitiesSystem" name="test_opportunities_type_values" time="0.430" /><testcase classname="backend.tests.test_five_new_features.TestOpportunitiesSystem" name="test_opportunities_with_user_eligibility" time="0.399" /><testcase classname="backend.tests.test_five_new_features.TestCommunityFunds" name="test_community_funds_list" time="0.425" /><testcase classname="backend.tests.test_five_new_features.TestCommunityFunds" name="test_community_funds_sorted_by_balance" time="0.413" /><testcase classname="backend.tests.test_five_new_features.TestCommunityFunds" name="test_community_fund_detail" time="0.440" /><testcase classname="backend.tests.test_five_new_features.TestCommunityFunds" name="test_community_fund_balance_calculation" time="0.405" /><testcase classname="backend.tests.test_five_new_features.TestLeaderboard" name="test_leaderboard_list" time="0.408" /><testcase classname="backend.tests.test_five_new_features.TestLeaderboard" name="test_leaderboard_sorted_by_trust" time="0.426" /><testcase classname="backend.tests.test_five_new_features.TestLeaderboard" name="test_leaderboard_ranks_are_sequential" time="0.425" /><testcase classname="backend.tests.test_five_new_features.TestWeeklyReport" name="test_weekly_report" time="0.410" /><testcase classname="backend.tests.test_five_new_features.TestWeeklyReport" name="test_weekly_report_network_stats" time="0.423" /><testcase classname="backend.tests.test_five_new_features.TestWeeklyReport" name="test_weekly_report_all_time_stats" time="0.406" /><testcase classname="backend.tests.test_five_new_features.TestCommunities" name="test_communities_list" time="0.413" /></testsuite></testsuites>