<?xml version="1.0" encoding="utf-8"?><testsuites name="pytest tests"><testsuite name="pytest" errors="0" failures="0" skipped="0" tests="19" time="8.710" timestamp="2026-03-10T16:13:11.636481+00:00" hostname="agent-env-d025645d-9506-43c4-b042-24ee9cb7136e"><testcase classname="backend.tests.test_field_history.TestFieldHistoryEndpoint" name="test_history_endpoint_returns_success" time="0.578" /><testcase classname="backend.tests.test_field_history.TestFieldHistoryEndpoint" name="test_weekly_snapshots_is_array" time="0.524" /><testcase classname="backend.tests.test_field_history.TestFieldHistoryEndpoint" name="test_weekly_snapshots_has_4_weeks" time="0.442" /><testcase classname="backend.tests.test_field_history.TestFieldHistoryEndpoint" name="test_weekly_snapshot_structure" time="0.418" /><testcase classname="backend.tests.test_field_history.TestFieldHistoryEndpoint" name="test_sparkline_data_is_array" time="0.421" /><testcase classname="backend.tests.test_field_history.TestFieldHistoryEndpoint" name="test_sparkline_data_matches_weeks" time="0.424" /><testcase classname="backend.tests.test_field_history.TestFieldHistoryEndpoint" name="test_sparkline_data_values_are_floats" time="0.401" /><testcase classname="backend.tests.test_field_history.TestFieldHistoryEndpoint" name="test_trend_type_present" time="0.738" /><testcase classname="backend.tests.test_field_history.TestFieldHistoryEndpoint" name="test_trend_type_valid_values" time="0.437" /><testcase classname="backend.tests.test_field_history.TestFieldHistoryEndpoint" name="test_trend_insight_present_and_hebrew" time="0.406" /><testcase classname="backend.tests.test_field_history.TestFieldHistoryEndpoint" name="test_weeks_analyzed_present" time="0.405" /><testcase classname="backend.tests.test_field_history.TestFieldHistoryEndpoint" name="test_week_labels_are_hebrew" time="0.454" /><testcase classname="backend.tests.test_field_history.TestFieldHistoryEndpoint" name="test_positive_ratio_in_valid_range" time="0.420" /><testcase classname="backend.tests.test_field_history.TestFieldHistoryEndpoint" name="test_center_coordinates_in_valid_range" time="0.426" /><testcase classname="backend.tests.test_field_history.TestFieldHistoryEndpoint" name="test_dominant_direction_valid_or_null" time="0.423" /><testcase classname="backend.tests.test_field_history.TestFieldHistoryEndpoint" name="test_trend_direction_field_present" time="0.417" /><testcase classname="backend.tests.test_field_history.TestFieldHistoryDataQuality" name="test_sparkline_matches_positive_ratios" time="0.446" /><testcase classname="backend.tests.test_field_history.TestFieldHistoryDataQuality" name="test_weeks_ordered_chronologically" time="0.410" /><testcase classname="backend.tests.test_field_history.TestFieldHistoryDataQuality" name="test_current_week_labeled_correctly" time="0.414" /></testsuite></testsuites>