<?xml version="1.0" encoding="utf-8"?><testsuites name="pytest tests"><testsuite name="pytest" errors="0" failures="0" skipped="0" tests="24" time="3.866" timestamp="2026-03-11T19:03:49.113782+00:00" hostname="agent-env-53c9ac8c-5c1f-42ec-98f7-6028499ca571"><testcase classname="backend.tests.test_orientation_phase_feed_value_subscription.TestOrientationFeedForYou" name="test_feed_for_you_returns_success" time="0.177" /><testcase classname="backend.tests.test_orientation_phase_feed_value_subscription.TestOrientationFeedForYou" name="test_feed_contains_cards_array" time="0.197" /><testcase classname="backend.tests.test_orientation_phase_feed_value_subscription.TestOrientationFeedForYou" name="test_feed_card_types_action_mission_question" time="0.126" /><testcase classname="backend.tests.test_orientation_phase_feed_value_subscription.TestOrientationFeedForYou" name="test_feed_has_user_niche_field" time="0.149" /><testcase classname="backend.tests.test_orientation_phase_feed_value_subscription.TestOrientationValueProfile" name="test_value_profile_returns_success" time="0.097" /><testcase classname="backend.tests.test_orientation_phase_feed_value_subscription.TestOrientationValueProfile" name="test_value_profile_has_value_scores" time="0.106" /><testcase classname="backend.tests.test_orientation_phase_feed_value_subscription.TestOrientationValueProfile" name="test_value_profile_has_progression" time="0.115" /><testcase classname="backend.tests.test_orientation_phase_feed_value_subscription.TestOrientationValueProfile" name="test_value_profile_has_stats" time="0.083" /><testcase classname="backend.tests.test_orientation_phase_feed_value_subscription.TestOrientationNiches" name="test_niches_returns_success" time="0.080" /><testcase classname="backend.tests.test_orientation_phase_feed_value_subscription.TestOrientationNiches" name="test_niches_has_6_niches" time="0.106" /><testcase classname="backend.tests.test_orientation_phase_feed_value_subscription.TestOrientationNiches" name="test_niche_has_hebrew_labels" time="0.090" /><testcase classname="backend.tests.test_orientation_phase_feed_value_subscription.TestSubscriptionPlans" name="test_subscription_plans_returns_success" time="0.087" /><testcase classname="backend.tests.test_orientation_phase_feed_value_subscription.TestSubscriptionPlans" name="test_subscription_plans_has_3_plans" time="0.101" /><testcase classname="backend.tests.test_orientation_phase_feed_value_subscription.TestSubscriptionPlans" name="test_plan_has_price_and_features" time="0.092" /><testcase classname="backend.tests.test_orientation_phase_feed_value_subscription.TestSubscriptionStatus" name="test_subscription_status_returns_success" time="0.142" /><testcase classname="backend.tests.test_orientation_phase_feed_value_subscription.TestSubscriptionStatus" name="test_new_user_has_free_plan" time="0.119" /><testcase classname="backend.tests.test_orientation_phase_feed_value_subscription.TestSubscriptionStatus" name="test_subscription_status_has_limits" time="0.128" /><testcase classname="backend.tests.test_orientation_phase_feed_value_subscription.TestSubscriptionCheckout" name="test_checkout_creates_session" time="1.118" /><testcase classname="backend.tests.test_orientation_phase_feed_value_subscription.TestSubscriptionCheckout" name="test_checkout_requires_origin_url" time="0.101" /><testcase classname="backend.tests.test_orientation_phase_feed_value_subscription.TestSubscriptionCheckout" name="test_checkout_rejects_free_plan" time="0.089" /><testcase classname="backend.tests.test_orientation_phase_feed_value_subscription.TestHomeTabRegression" name="test_daily_opening_still_works" time="0.100" /><testcase classname="backend.tests.test_orientation_phase_feed_value_subscription.TestHomeTabRegression" name="test_day_summary_still_works" time="0.086" /><testcase classname="backend.tests.test_orientation_phase_feed_value_subscription.TestHomeTabRegression" name="test_globe_activity_still_works" time="0.092" /><testcase classname="backend.tests.test_orientation_phase_feed_value_subscription.TestHomeTabRegression" name="test_directions_still_works" time="0.113" /></testsuite></testsuites>