<?xml version="1.0" encoding="utf-8"?><testsuites name="pytest tests"><testsuite name="pytest" errors="0" failures="0" skipped="0" tests="12" time="7.027" timestamp="2026-03-17T09:43:22.450391+00:00" hostname="agent-env-7b217971-bf3f-4d12-b1db-fcd63a5a8cf8"><testcase classname="backend.tests.test_position_status_layer.TestPositionEndpointStatus" name="test_position_endpoint_returns_status_object" time="1.155" /><testcase classname="backend.tests.test_position_status_layer.TestPositionEndpointStatus" name="test_position_status_valid_values" time="0.494" /><testcase classname="backend.tests.test_position_status_layer.TestPositionEndpointStatus" name="test_user_with_risk_signals_shows_at_risk" time="0.379" /><testcase classname="backend.tests.test_position_status_layer.TestOrientationEndpointStatus" name="test_orientation_endpoint_returns_status_object" time="0.377" /><testcase classname="backend.tests.test_position_status_layer.TestOrientationEndpointStatus" name="test_orientation_message_for_at_risk_user" time="0.374" /><testcase classname="backend.tests.test_position_status_layer.TestOrientationEndpointStatus" name="test_orientation_context_fields" time="0.380" /><testcase classname="backend.tests.test_position_status_layer.TestStatusCalculationLogic" name="test_position_status_with_second_user" time="0.963" /><testcase classname="backend.tests.test_position_status_layer.TestStatusCalculationLogic" name="test_position_factors_present" time="0.369" /><testcase classname="backend.tests.test_position_status_layer.TestPositionSnapshotPersistence" name="test_position_call_saves_snapshot" time="0.753" /><testcase classname="backend.tests.test_position_status_layer.TestCrossEndpointConsistency" name="test_status_consistent_between_endpoints" time="0.730" /><testcase classname="backend.tests.test_position_status_layer.TestStatusMetadata" name="test_status_metadata_mapping" time="0.367" /><testcase classname="backend.tests.test_position_status_layer.TestHealthCheck" name="test_login_works" time="0.602" /></testsuite></testsuites>