<?xml version="1.0" encoding="utf-8"?><testsuites name="pytest tests"><testsuite name="pytest" errors="0" failures="0" skipped="0" tests="7" time="4.346" timestamp="2026-03-15T13:37:26.209401+00:00" hostname="agent-env-aeb54998-47e2-4314-84f3-00dc82a9d0f5"><testcase classname="backend.tests.test_share_feature.TestGetSingleAction" name="test_get_action_success" time="0.542" /><testcase classname="backend.tests.test_share_feature.TestGetSingleAction" name="test_get_action_returns_correct_id" time="0.406" /><testcase classname="backend.tests.test_share_feature.TestGetSingleAction" name="test_get_action_invalid_id_format" time="0.412" /><testcase classname="backend.tests.test_share_feature.TestGetSingleAction" name="test_get_action_not_found" time="0.509" /><testcase classname="backend.tests.test_share_feature.TestGetSingleAction" name="test_get_action_trust_score_matches_reactions" time="0.417" /><testcase classname="backend.tests.test_share_feature.TestGetSingleAction" name="test_get_action_has_user_reacted_flags" time="0.407" /><testcase classname="backend.tests.test_share_feature.TestShareUrlFormat" name="test_action_from_feed_has_id_for_share_url" time="1.592" /></testsuite></testsuites>