<?xml version="1.0" encoding="utf-8"?><testsuites name="pytest tests"><testsuite name="pytest" errors="0" failures="0" skipped="0" tests="14" time="17.534" timestamp="2026-03-15T13:28:17.062944+00:00" hostname="agent-env-aeb54998-47e2-4314-84f3-00dc82a9d0f5"><testcase classname="backend.tests.test_reactions_system.TestReactionSystem" name="test_react_requires_auth" time="1.137" /><testcase classname="backend.tests.test_reactions_system.TestReactionSystem" name="test_react_invalid_type" time="1.477" /><testcase classname="backend.tests.test_reactions_system.TestReactionSystem" name="test_react_support_toggle" time="2.070" /><testcase classname="backend.tests.test_reactions_system.TestReactionSystem" name="test_react_useful_weight" time="1.897" /><testcase classname="backend.tests.test_reactions_system.TestReactionSystem" name="test_react_verified_weight" time="1.991" /><testcase classname="backend.tests.test_reactions_system.TestFeedUserReacted" name="test_feed_without_viewer_id" time="0.405" /><testcase classname="backend.tests.test_reactions_system.TestFeedUserReacted" name="test_feed_with_viewer_id" time="1.046" /><testcase classname="backend.tests.test_reactions_system.TestFeedUserReacted" name="test_feed_action_has_reactions" time="0.430" /><testcase classname="backend.tests.test_reactions_system.TestFeedUserReacted" name="test_feed_action_has_trust_signal" time="0.434" /><testcase classname="backend.tests.test_reactions_system.TestProfileTrustScore" name="test_profile_has_trust_score" time="1.079" /><testcase classname="backend.tests.test_reactions_system.TestProfileTrustScore" name="test_profile_trust_score_value" time="1.058" /><testcase classname="backend.tests.test_reactions_system.TestReactAndVerifyFlow" name="test_react_and_verify_count_update" time="2.272" /><testcase classname="backend.tests.test_reactions_system.TestInvalidActionReact" name="test_react_to_invalid_action_id" time="1.086" /><testcase classname="backend.tests.test_reactions_system.TestInvalidActionReact" name="test_react_to_nonexistent_action" time="1.043" /></testsuite></testsuites>